20180109T07:08:08Z DESKTOP-280IJO6 LOKI: Info: Updating Signatures ...
20180109T07:08:08Z DESKTOP-280IJO6 LOKI: Info: Downloading https://github.com/Neo23x0/signature-base/archive/master.zip ...
20180109T07:08:24Z DESKTOP-280IJO6 LOKI: Info: New signature file: README.txt
20180109T07:08:24Z DESKTOP-280IJO6 LOKI: Info: New signature file: c2-iocs.txt
20180109T07:08:24Z DESKTOP-280IJO6 LOKI: Info: New signature file: falsepositive-hashes.txt
20180109T07:08:24Z DESKTOP-280IJO6 LOKI: Info: New signature file: filename-iocs.txt
20180109T07:08:24Z DESKTOP-280IJO6 LOKI: Info: New signature file: hash-iocs.txt
20180109T07:08:24Z DESKTOP-280IJO6 LOKI: Info: New signature file: keywords.txt
20180109T07:08:24Z DESKTOP-280IJO6 LOKI: Info: New signature file: otx-c2-iocs-ipv4.txt
20180109T07:08:24Z DESKTOP-280IJO6 LOKI: Info: New signature file: otx-c2-iocs-ipv6.txt
20180109T07:08:24Z DESKTOP-280IJO6 LOKI: Info: New signature file: otx-c2-iocs.txt
20180109T07:08:24Z DESKTOP-280IJO6 LOKI: Info: New signature file: otx-filename-iocs.txt
20180109T07:08:24Z DESKTOP-280IJO6 LOKI: Info: New signature file: otx-hash-iocs.txt
20180109T07:08:24Z DESKTOP-280IJO6 LOKI: Info: New signature file: file-type-signatures.txt
20180109T07:08:24Z DESKTOP-280IJO6 LOKI: Info: New signature file: airbnb_binaryalert.yar
20180109T07:08:24Z DESKTOP-280IJO6 LOKI: Info: New signature file: apt_agent_btz.yar
20180109T07:08:24Z DESKTOP-280IJO6 LOKI: Info: New signature file: apt_alienspy_rat.yar
20180109T07:08:24Z DESKTOP-280IJO6 LOKI: Info: New signature file: apt_apt10.yar
20180109T07:08:24Z DESKTOP-280IJO6 LOKI: Info: New signature file: apt_apt12_malware.yar
20180109T07:08:24Z DESKTOP-280IJO6 LOKI: Info: New signature file: apt_apt17_mal_sep17.yar
20180109T07:08:24Z DESKTOP-280IJO6 LOKI: Info: New signature file: apt_apt17_malware.yar
20180109T07:08:24Z DESKTOP-280IJO6 LOKI: Info: New signature file: apt_apt19.yar
20180109T07:08:24Z DESKTOP-280IJO6 LOKI: Info: New signature file: apt_apt28.yar
20180109T07:08:24Z DESKTOP-280IJO6 LOKI: Info: New signature file: apt_apt29_grizzly_steppe.yar
20180109T07:08:24Z DESKTOP-280IJO6 LOKI: Info: New signature file: apt_apt30_backspace.yar
20180109T07:08:25Z DESKTOP-280IJO6 LOKI: Info: New signature file: apt_apt34.yar
20180109T07:08:25Z DESKTOP-280IJO6 LOKI: Info: New signature file: apt_apt6_malware.yar
20180109T07:08:25Z DESKTOP-280IJO6 LOKI: Info: New signature file: apt_backdoor_ssh_python.yar
20180109T07:08:25Z DESKTOP-280IJO6 LOKI: Info: New signature file: apt_backspace.yar
20180109T07:08:25Z DESKTOP-280IJO6 LOKI: Info: New signature file: apt_beepservice.yar
20180109T07:08:25Z DESKTOP-280IJO6 LOKI: Info: New signature file: apt_between-hk-and-burma.yar
20180109T07:08:25Z DESKTOP-280IJO6 LOKI: Info: New signature file: apt_blackenergy.yar
20180109T07:08:25Z DESKTOP-280IJO6 LOKI: Info: New signature file: apt_blackenergy_installer.yar
20180109T07:08:25Z DESKTOP-280IJO6 LOKI: Info: New signature file: apt_bluetermite_emdivi.yar
20180109T07:08:25Z DESKTOP-280IJO6 LOKI: Info: New signature file: apt_bronze_butler.yar
20180109T07:08:25Z DESKTOP-280IJO6 LOKI: Info: New signature file: apt_buckeye.yar
20180109T07:08:25Z DESKTOP-280IJO6 LOKI: Info: New signature file: apt_carbon_paper_turla.yar
20180109T07:08:25Z DESKTOP-280IJO6 LOKI: Info: New signature file: apt_casper.yar
20180109T07:08:25Z DESKTOP-280IJO6 LOKI: Info: New signature file: apt_cheshirecat.yar
20180109T07:08:25Z DESKTOP-280IJO6 LOKI: Info: New signature file: apt_cloudduke.yar
20180109T07:08:25Z DESKTOP-280IJO6 LOKI: Info: New signature file: apt_cmstar.yar
20180109T07:08:25Z DESKTOP-280IJO6 LOKI: Info: New signature file: apt_cn_pp_zerot.yar
20180109T07:08:25Z DESKTOP-280IJO6 LOKI: Info: New signature file: apt_codoso.yar
20180109T07:08:25Z DESKTOP-280IJO6 LOKI: Info: New signature file: apt_coreimpact_agent.yar
20180109T07:08:25Z DESKTOP-280IJO6 LOKI: Info: New signature file: apt_crash_override.yar
20180109T07:08:25Z DESKTOP-280IJO6 LOKI: Info: New signature file: apt_cve2015_5119.yar
20180109T07:08:25Z DESKTOP-280IJO6 LOKI: Info: New signature file: apt_danti_svcmondr.yar
20180109T07:08:25Z DESKTOP-280IJO6 LOKI: Info: New signature file: apt_deeppanda.yar
20180109T07:08:25Z DESKTOP-280IJO6 LOKI: Info: New signature file: apt_derusbi.yar
20180109T07:08:25Z DESKTOP-280IJO6 LOKI: Info: New signature file: apt_dragonfly.yar
20180109T07:08:28Z DESKTOP-280IJO6 LOKI: Info: New signature file: apt_dubnium.yar
20180109T07:08:28Z DESKTOP-280IJO6 LOKI: Info: New signature file: apt_duqu2.yar
20180109T07:08:28Z DESKTOP-280IJO6 LOKI: Info: New signature file: apt_emissary.yar
20180109T07:08:28Z DESKTOP-280IJO6 LOKI: Info: New signature file: apt_eqgrp.yar
20180109T07:08:28Z DESKTOP-280IJO6 LOKI: Info: New signature file: apt_eqgrp_apr17.yar
20180109T07:08:28Z DESKTOP-280IJO6 LOKI: Info: New signature file: apt_eternalblue_non_wannacry.yar
20180109T07:08:28Z DESKTOP-280IJO6 LOKI: Info: New signature file: apt_fakem_backdoor.yar
20180109T07:08:28Z DESKTOP-280IJO6 LOKI: Info: New signature file: apt_fancybear_dnc.yar
20180109T07:08:28Z DESKTOP-280IJO6 LOKI: Info: New signature file: apt_fidelis_phishing_plain_sight.yar
20180109T07:08:28Z DESKTOP-280IJO6 LOKI: Info: New signature file: apt_fin7_backdoor.yar
20180109T07:08:28Z DESKTOP-280IJO6 LOKI: Info: New signature file: apt_foudre.yar
20180109T07:08:28Z DESKTOP-280IJO6 LOKI: Info: New signature file: apt_four_element_sword.yar
20180109T07:08:28Z DESKTOP-280IJO6 LOKI: Info: New signature file: apt_freemilk.yar
20180109T07:08:28Z DESKTOP-280IJO6 LOKI: Info: New signature file: apt_furtim.yar
20180109T07:08:29Z DESKTOP-280IJO6 LOKI: Info: New signature file: apt_fvey_shadowbroker_dec16.yar
20180109T07:08:29Z DESKTOP-280IJO6 LOKI: Info: New signature file: apt_fvey_shadowbroker_jan17.yar
20180109T07:08:29Z DESKTOP-280IJO6 LOKI: Info: New signature file: apt_ghostdragon_gh0st_rat.yar
20180109T07:08:29Z DESKTOP-280IJO6 LOKI: Info: New signature file: apt_glassRAT.yar
20180109T07:08:29Z DESKTOP-280IJO6 LOKI: Info: New signature file: apt_greenbug.yar
20180109T07:08:29Z DESKTOP-280IJO6 LOKI: Info: New signature file: apt_grizzlybear_uscert.yar
20180109T07:08:29Z DESKTOP-280IJO6 LOKI: Info: New signature file: apt_hackingteam_rules.yar
20180109T07:08:29Z DESKTOP-280IJO6 LOKI: Info: New signature file: apt_ham_tofu_chches.yar
20180109T07:08:29Z DESKTOP-280IJO6 LOKI: Info: New signature file: apt_hatman.yar
20180109T07:08:29Z DESKTOP-280IJO6 LOKI: Info: New signature file: apt_hellsing_kaspersky.yar
20180109T07:08:29Z DESKTOP-280IJO6 LOKI: Info: New signature file: apt_hidden_cobra.yar
20180109T07:08:29Z DESKTOP-280IJO6 LOKI: Info: New signature file: apt_hiddencobra_bankshot.yar
20180109T07:08:29Z DESKTOP-280IJO6 LOKI: Info: New signature file: apt_hizor_rat.yar
20180109T07:08:29Z DESKTOP-280IJO6 LOKI: Info: New signature file: apt_hkdoor.yar
20180109T07:08:29Z DESKTOP-280IJO6 LOKI: Info: New signature file: apt_indetectables_rat.yar
20180109T07:08:29Z DESKTOP-280IJO6 LOKI: Info: New signature file: apt_industroyer.yar
20180109T07:08:29Z DESKTOP-280IJO6 LOKI: Info: New signature file: apt_inocnation.yar
20180109T07:08:29Z DESKTOP-280IJO6 LOKI: Info: New signature file: apt_irongate.yar
20180109T07:08:29Z DESKTOP-280IJO6 LOKI: Info: New signature file: apt_irontiger.yar
20180109T07:08:29Z DESKTOP-280IJO6 LOKI: Info: New signature file: apt_irontiger_trendmicro.yar
20180109T07:08:29Z DESKTOP-280IJO6 LOKI: Info: New signature file: apt_ism_rat.yar
20180109T07:08:29Z DESKTOP-280IJO6 LOKI: Info: New signature file: apt_kaspersky_duqu2.yar
20180109T07:08:29Z DESKTOP-280IJO6 LOKI: Info: New signature file: apt_keyboys.yar
20180109T07:08:29Z DESKTOP-280IJO6 LOKI: Info: New signature file: apt_keylogger_cn.yar
20180109T07:08:29Z DESKTOP-280IJO6 LOKI: Info: New signature file: apt_khrat.yar
20180109T07:08:29Z DESKTOP-280IJO6 LOKI: Info: New signature file: apt_korplug_fast.yar
20180109T07:08:29Z DESKTOP-280IJO6 LOKI: Info: New signature file: apt_laudanum_webshells.yar
20180109T07:08:29Z DESKTOP-280IJO6 LOKI: Info: New signature file: apt_lazarus_dec17.yar
20180109T07:08:29Z DESKTOP-280IJO6 LOKI: Info: New signature file: apt_leviathan.yar
20180109T07:08:29Z DESKTOP-280IJO6 LOKI: Info: New signature file: apt_magichound.yar
20180109T07:08:29Z DESKTOP-280IJO6 LOKI: Info: New signature file: apt_microcin.yar
20180109T07:08:29Z DESKTOP-280IJO6 LOKI: Info: New signature file: apt_miniasp.yar
20180109T07:08:30Z DESKTOP-280IJO6 LOKI: Info: New signature file: apt_minidionis.yar
20180109T07:08:30Z DESKTOP-280IJO6 LOKI: Info: New signature file: apt_mofang.yar
20180109T07:08:30Z DESKTOP-280IJO6 LOKI: Info: New signature file: apt_molerats_jul17.yar
20180109T07:08:30Z DESKTOP-280IJO6 LOKI: Info: New signature file: apt_monsoon.yar
20180109T07:08:30Z DESKTOP-280IJO6 LOKI: Info: New signature file: apt_moonlightmaze.yar
20180109T07:08:30Z DESKTOP-280IJO6 LOKI: Info: New signature file: apt_ms_platinum.yara
20180109T07:08:30Z DESKTOP-280IJO6 LOKI: Info: New signature file: apt_naikon.yar
20180109T07:08:30Z DESKTOP-280IJO6 LOKI: Info: New signature file: apt_nanocore_rat.yar
20180109T07:08:30Z DESKTOP-280IJO6 LOKI: Info: New signature file: apt_netwire_rat.yar
20180109T07:08:30Z DESKTOP-280IJO6 LOKI: Info: New signature file: apt_oilrig.yar
20180109T07:08:30Z DESKTOP-280IJO6 LOKI: Info: New signature file: apt_oilrig_oct17.yar
20180109T07:08:30Z DESKTOP-280IJO6 LOKI: Info: New signature file: apt_onhat_proxy.yar
20180109T07:08:30Z DESKTOP-280IJO6 LOKI: Info: New signature file: apt_op_cleaver.yar
20180109T07:08:30Z DESKTOP-280IJO6 LOKI: Info: New signature file: apt_op_cloudhopper.yar
20180109T07:08:30Z DESKTOP-280IJO6 LOKI: Info: New signature file: apt_passcv.yar
20180109T07:08:30Z DESKTOP-280IJO6 LOKI: Info: New signature file: apt_passthehashtoolkit.yar
20180109T07:08:30Z DESKTOP-280IJO6 LOKI: Info: New signature file: apt_plugx.yar
20180109T07:08:30Z DESKTOP-280IJO6 LOKI: Info: New signature file: apt_poisonivy.yar
20180109T07:08:31Z DESKTOP-280IJO6 LOKI: Info: New signature file: apt_poisonivy_gen3.yar
20180109T07:08:31Z DESKTOP-280IJO6 LOKI: Info: New signature file: apt_poseidon_group.yar
20180109T07:08:31Z DESKTOP-280IJO6 LOKI: Info: New signature file: apt_poshspy.yar
20180109T07:08:31Z DESKTOP-280IJO6 LOKI: Info: New signature file: apt_prikormka.yar
20180109T07:08:31Z DESKTOP-280IJO6 LOKI: Info: New signature file: apt_project_m.yar
20180109T07:08:31Z DESKTOP-280IJO6 LOKI: Info: New signature file: apt_project_sauron.yara
20180109T07:08:31Z DESKTOP-280IJO6 LOKI: Info: New signature file: apt_project_sauron_extras.yar
20180109T07:08:31Z DESKTOP-280IJO6 LOKI: Info: New signature file: apt_promethium_neodymium.yar
20180109T07:08:31Z DESKTOP-280IJO6 LOKI: Info: New signature file: apt_putterpanda.yar
20180109T07:08:31Z DESKTOP-280IJO6 LOKI: Info: New signature file: apt_quarkspwdump.yar
20180109T07:08:31Z DESKTOP-280IJO6 LOKI: Info: New signature file: apt_quasar_rat.yar
20180109T07:08:31Z DESKTOP-280IJO6 LOKI: Info: New signature file: apt_reaver_sunorcal.yar
20180109T07:08:31Z DESKTOP-280IJO6 LOKI: Info: New signature file: apt_rehashed_rat.yar
20180109T07:08:31Z DESKTOP-280IJO6 LOKI: Info: New signature file: apt_revenge_rat.yar
20180109T07:08:31Z DESKTOP-280IJO6 LOKI: Info: New signature file: apt_rocketkitten_keylogger.yar
20180109T07:08:31Z DESKTOP-280IJO6 LOKI: Info: New signature file: apt_rokrat.yar
20180109T07:08:31Z DESKTOP-280IJO6 LOKI: Info: New signature file: apt_ruag.yar
20180109T07:08:31Z DESKTOP-280IJO6 LOKI: Info: New signature file: apt_rwmc_powershell_creddump.yar
20180109T07:08:31Z DESKTOP-280IJO6 LOKI: Info: New signature file: apt_sakula.yar
20180109T07:08:31Z DESKTOP-280IJO6 LOKI: Info: New signature file: apt_saudi_aramco_phish.yar
20180109T07:08:31Z DESKTOP-280IJO6 LOKI: Info: New signature file: apt_scanbox_deeppanda.yar
20180109T07:08:31Z DESKTOP-280IJO6 LOKI: Info: New signature file: apt_seaduke_unit42.yar
20180109T07:08:31Z DESKTOP-280IJO6 LOKI: Info: New signature file: apt_servantshell.yar
20180109T07:08:31Z DESKTOP-280IJO6 LOKI: Info: New signature file: apt_shadowpad.yar
20180109T07:08:31Z DESKTOP-280IJO6 LOKI: Info: New signature file: apt_shamoon.yar
20180109T07:08:31Z DESKTOP-280IJO6 LOKI: Info: New signature file: apt_shamoon2.yar
20180109T07:08:31Z DESKTOP-280IJO6 LOKI: Info: New signature file: apt_shellcrew_streamex.yar
20180109T07:08:31Z DESKTOP-280IJO6 LOKI: Info: New signature file: apt_silence.yar
20180109T07:08:31Z DESKTOP-280IJO6 LOKI: Info: New signature file: apt_skeletonkey.yar
20180109T07:08:31Z DESKTOP-280IJO6 LOKI: Info: New signature file: apt_snaketurla_osx.yar
20180109T07:08:31Z DESKTOP-280IJO6 LOKI: Info: New signature file: apt_snowglobe_babar.yar
20180109T07:08:31Z DESKTOP-280IJO6 LOKI: Info: New signature file: apt_sofacy_dec15.yar
20180109T07:08:31Z DESKTOP-280IJO6 LOKI: Info: New signature file: apt_sofacy_fysbis.yar
20180109T07:08:31Z DESKTOP-280IJO6 LOKI: Info: New signature file: apt_sofacy_hospitality.yar
20180109T07:08:32Z DESKTOP-280IJO6 LOKI: Info: New signature file: apt_sofacy_jun16.yar
20180109T07:08:32Z DESKTOP-280IJO6 LOKI: Info: New signature file: apt_sofacy_oct17_camp.yar
20180109T07:08:32Z DESKTOP-280IJO6 LOKI: Info: New signature file: apt_sofacy_xtunnel_bundestag.yar
20180109T07:08:32Z DESKTOP-280IJO6 LOKI: Info: New signature file: apt_sphinx_moth.yar
20180109T07:08:32Z DESKTOP-280IJO6 LOKI: Info: New signature file: apt_stonedrill.yar
20180109T07:08:32Z DESKTOP-280IJO6 LOKI: Info: New signature file: apt_strider.yara
20180109T07:08:32Z DESKTOP-280IJO6 LOKI: Info: New signature file: apt_stuxnet.yar
20180109T07:08:32Z DESKTOP-280IJO6 LOKI: Info: New signature file: apt_suckfly.yar
20180109T07:08:32Z DESKTOP-280IJO6 LOKI: Info: New signature file: apt_sysscan.yar
20180109T07:08:32Z DESKTOP-280IJO6 LOKI: Info: New signature file: apt_ta17_293A.yar
20180109T07:08:32Z DESKTOP-280IJO6 LOKI: Info: New signature file: apt_ta17_318A.yar
20180109T07:08:32Z DESKTOP-280IJO6 LOKI: Info: New signature file: apt_ta17_318B.yar
20180109T07:08:32Z DESKTOP-280IJO6 LOKI: Info: New signature file: apt_ta459.yar
20180109T07:08:32Z DESKTOP-280IJO6 LOKI: Info: New signature file: apt_telebots.yar
20180109T07:08:32Z DESKTOP-280IJO6 LOKI: Info: New signature file: apt_terracotta.yar
20180109T07:08:32Z DESKTOP-280IJO6 LOKI: Info: New signature file: apt_terracotta_liudoor.yar
20180109T07:08:32Z DESKTOP-280IJO6 LOKI: Info: New signature file: apt_threatgroup_3390.yar
20180109T07:08:32Z DESKTOP-280IJO6 LOKI: Info: New signature file: apt_tick_datper.yar
20180109T07:08:32Z DESKTOP-280IJO6 LOKI: Info: New signature file: apt_tidepool.yar
20180109T07:08:32Z DESKTOP-280IJO6 LOKI: Info: New signature file: apt_triton.yar
20180109T07:08:32Z DESKTOP-280IJO6 LOKI: Info: New signature file: apt_turbo_campaign.yar
20180109T07:08:32Z DESKTOP-280IJO6 LOKI: Info: New signature file: apt_turla.yar
20180109T07:08:32Z DESKTOP-280IJO6 LOKI: Info: New signature file: apt_turla_gazer.yar
20180109T07:08:32Z DESKTOP-280IJO6 LOKI: Info: New signature file: apt_turla_neuron.yar
20180109T07:08:32Z DESKTOP-280IJO6 LOKI: Info: New signature file: apt_uboat_rat.yar
20180109T07:08:32Z DESKTOP-280IJO6 LOKI: Info: New signature file: apt_unit78020_malware.yar
20180109T07:08:32Z DESKTOP-280IJO6 LOKI: Info: New signature file: apt_uscert_ta17-1117a.yar
20180109T07:08:32Z DESKTOP-280IJO6 LOKI: Info: New signature file: apt_venom_linux_rootkit.yar
20180109T07:08:32Z DESKTOP-280IJO6 LOKI: Info: New signature file: apt_volatile_cedar.yar
20180109T07:08:32Z DESKTOP-280IJO6 LOKI: Info: New signature file: apt_waterbear.yar
20180109T07:08:32Z DESKTOP-280IJO6 LOKI: Info: New signature file: apt_waterbug.yar
20180109T07:08:32Z DESKTOP-280IJO6 LOKI: Info: New signature file: apt_webshell_chinachopper.yar
20180109T07:08:33Z DESKTOP-280IJO6 LOKI: Info: New signature file: apt_wildneutron.yar
20180109T07:08:33Z DESKTOP-280IJO6 LOKI: Info: New signature file: apt_wilted_tulip.yar
20180109T07:08:33Z DESKTOP-280IJO6 LOKI: Info: New signature file: apt_win_plugx.yar
20180109T07:08:33Z DESKTOP-280IJO6 LOKI: Info: New signature file: apt_winnti.yar
20180109T07:08:33Z DESKTOP-280IJO6 LOKI: Info: New signature file: apt_winnti_hdroot.yar
20180109T07:08:33Z DESKTOP-280IJO6 LOKI: Info: New signature file: apt_winnti_ms_report_201701.yar
20180109T07:08:33Z DESKTOP-280IJO6 LOKI: Info: New signature file: apt_woolengoldfish.yar
20180109T07:08:33Z DESKTOP-280IJO6 LOKI: Info: New signature file: apt_xrat.yar
20180109T07:08:33Z DESKTOP-280IJO6 LOKI: Info: New signature file: apt_zxshell.yar
20180109T07:08:33Z DESKTOP-280IJO6 LOKI: Info: New signature file: cn_pentestset_scripts.yar
20180109T07:08:33Z DESKTOP-280IJO6 LOKI: Info: New signature file: cn_pentestset_tools.yar
20180109T07:08:33Z DESKTOP-280IJO6 LOKI: Info: New signature file: cn_pentestset_webshells.yar
20180109T07:08:33Z DESKTOP-280IJO6 LOKI: Info: New signature file: crime_andromeda_jun17.yar
20180109T07:08:33Z DESKTOP-280IJO6 LOKI: Info: New signature file: crime_antifw_installrex.yar
20180109T07:08:33Z DESKTOP-280IJO6 LOKI: Info: New signature file: crime_bad_patch.yar
20180109T07:08:33Z DESKTOP-280IJO6 LOKI: Info: New signature file: crime_badrabbit.yar
20180109T07:08:33Z DESKTOP-280IJO6 LOKI: Info: New signature file: crime_bernhard_pos.yar
20180109T07:08:33Z DESKTOP-280IJO6 LOKI: Info: New signature file: crime_buzus_softpulse.yar
20180109T07:08:33Z DESKTOP-280IJO6 LOKI: Info: New signature file: crime_cmstar.yar
20180109T07:08:33Z DESKTOP-280IJO6 LOKI: Info: New signature file: crime_cn_group_btc.yar
20180109T07:08:33Z DESKTOP-280IJO6 LOKI: Info: New signature file: crime_cobaltgang.yar
20180109T07:08:33Z DESKTOP-280IJO6 LOKI: Info: New signature file: crime_corkow_dll.yar
20180109T07:08:33Z DESKTOP-280IJO6 LOKI: Info: New signature file: crime_credstealer_generic.yar
20180109T07:08:33Z DESKTOP-280IJO6 LOKI: Info: New signature file: crime_cryptowall_svg.yar
20180109T07:08:33Z DESKTOP-280IJO6 LOKI: Info: New signature file: crime_dexter_trojan.yar
20180109T07:08:33Z DESKTOP-280IJO6 LOKI: Info: New signature file: crime_dridex_xml.yar
20180109T07:08:34Z DESKTOP-280IJO6 LOKI: Info: New signature file: crime_enfal.yar
20180109T07:08:34Z DESKTOP-280IJO6 LOKI: Info: New signature file: crime_eternalrocks.yar
20180109T07:08:34Z DESKTOP-280IJO6 LOKI: Info: New signature file: crime_fareit.yar
20180109T07:08:34Z DESKTOP-280IJO6 LOKI: Info: New signature file: crime_fireball.yar
20180109T07:08:34Z DESKTOP-280IJO6 LOKI: Info: New signature file: crime_goldeneye.yar
20180109T07:08:34Z DESKTOP-280IJO6 LOKI: Info: New signature file: crime_hermes_ransom.yar
20180109T07:08:34Z DESKTOP-280IJO6 LOKI: Info: New signature file: crime_kasper_oct17.yar
20180109T07:08:34Z DESKTOP-280IJO6 LOKI: Info: New signature file: crime_kins_dropper.yar
20180109T07:08:34Z DESKTOP-280IJO6 LOKI: Info: New signature file: crime_kr_malware.yar
20180109T07:08:34Z DESKTOP-280IJO6 LOKI: Info: New signature file: crime_kraken_bot1.yar
20180109T07:08:34Z DESKTOP-280IJO6 LOKI: Info: New signature file: crime_kriskynote.yar
20180109T07:08:34Z DESKTOP-280IJO6 LOKI: Info: New signature file: crime_locky.yar
20180109T07:08:34Z DESKTOP-280IJO6 LOKI: Info: New signature file: crime_malumpos.yar
20180109T07:08:34Z DESKTOP-280IJO6 LOKI: Info: New signature file: crime_malware_generic.yar
20180109T07:08:34Z DESKTOP-280IJO6 LOKI: Info: New signature file: crime_malware_set_oct16.yar
20180109T07:08:34Z DESKTOP-280IJO6 LOKI: Info: New signature file: crime_mikey_trojan.yar
20180109T07:08:34Z DESKTOP-280IJO6 LOKI: Info: New signature file: crime_mirai.yar
20180109T07:08:34Z DESKTOP-280IJO6 LOKI: Info: New signature file: crime_mywscript_dropper.yar
20180109T07:08:34Z DESKTOP-280IJO6 LOKI: Info: New signature file: crime_nopetya_jun17.yar
20180109T07:08:34Z DESKTOP-280IJO6 LOKI: Info: New signature file: crime_phish_gina_dec15.yar
20180109T07:08:34Z DESKTOP-280IJO6 LOKI: Info: New signature file: crime_rombertik_carbongrabber.yar
20180109T07:08:34Z DESKTOP-280IJO6 LOKI: Info: New signature file: crime_shifu_trojan.yar
20180109T07:08:34Z DESKTOP-280IJO6 LOKI: Info: New signature file: crime_snarasite.yar
20180109T07:08:34Z DESKTOP-280IJO6 LOKI: Info: New signature file: crime_teledoor.yar
20180109T07:08:34Z DESKTOP-280IJO6 LOKI: Info: New signature file: crime_upatre_oct15.yar
20180109T07:08:34Z DESKTOP-280IJO6 LOKI: Info: New signature file: crime_wannacry.yar
20180109T07:08:34Z DESKTOP-280IJO6 LOKI: Info: New signature file: crime_zeus_panda.yar
20180109T07:08:34Z DESKTOP-280IJO6 LOKI: Info: New signature file: exploit_cve_2015_1674.yar
20180109T07:08:34Z DESKTOP-280IJO6 LOKI: Info: New signature file: exploit_cve_2015_1701.yar
20180109T07:08:34Z DESKTOP-280IJO6 LOKI: Info: New signature file: exploit_cve_2015_2426.yar
20180109T07:08:34Z DESKTOP-280IJO6 LOKI: Info: New signature file: exploit_cve_2015_2545.yar
20180109T07:08:34Z DESKTOP-280IJO6 LOKI: Info: New signature file: exploit_cve_2017_11882.yar
20180109T07:08:34Z DESKTOP-280IJO6 LOKI: Info: New signature file: exploit_cve_2017_8759.yar
20180109T07:08:34Z DESKTOP-280IJO6 LOKI: Info: New signature file: exploit_cve_2017_9800.yar
20180109T07:08:34Z DESKTOP-280IJO6 LOKI: Info: New signature file: exploit_rtf_ole2link.yar
20180109T07:08:35Z DESKTOP-280IJO6 LOKI: Info: New signature file: exploit_uac_elevators.yar
20180109T07:08:35Z DESKTOP-280IJO6 LOKI: Info: New signature file: gen_ace_with_exe.yar
20180109T07:08:35Z DESKTOP-280IJO6 LOKI: Info: New signature file: gen_armitage.yar
20180109T07:08:35Z DESKTOP-280IJO6 LOKI: Info: New signature file: gen_b374k_extra.yar
20180109T07:08:35Z DESKTOP-280IJO6 LOKI: Info: New signature file: gen_case_anomalies.yar
20180109T07:08:35Z DESKTOP-280IJO6 LOKI: Info: New signature file: gen_chaos_payload.yar
20180109T07:08:35Z DESKTOP-280IJO6 LOKI: Info: New signature file: gen_cn_hacktool_scripts.yar
20180109T07:08:35Z DESKTOP-280IJO6 LOKI: Info: New signature file: gen_cn_hacktools.yar
20180109T07:08:35Z DESKTOP-280IJO6 LOKI: Info: New signature file: gen_cn_webshells.yar
20180109T07:08:35Z DESKTOP-280IJO6 LOKI: Info: New signature file: gen_crunchrat.yar
20180109T07:08:35Z DESKTOP-280IJO6 LOKI: Info: New signature file: gen_dde_in_office_docs.yar
20180109T07:08:35Z DESKTOP-280IJO6 LOKI: Info: New signature file: gen_deviceguard_evasion.yar
20180109T07:08:35Z DESKTOP-280IJO6 LOKI: Info: New signature file: gen_empire.yar
20180109T07:08:35Z DESKTOP-280IJO6 LOKI: Info: New signature file: gen_enigma_protector.yar
20180109T07:08:35Z DESKTOP-280IJO6 LOKI: Info: New signature file: gen_faked_versions.yar
20180109T07:08:35Z DESKTOP-280IJO6 LOKI: Info: New signature file: gen_floxif.yar
20180109T07:08:35Z DESKTOP-280IJO6 LOKI: Info: New signature file: gen_gen_cactustorch.yar
20180109T07:08:35Z DESKTOP-280IJO6 LOKI: Info: New signature file: gen_gpp_cpassword.yar
20180109T07:08:35Z DESKTOP-280IJO6 LOKI: Info: New signature file: gen_hta_anomalies.yar
20180109T07:08:35Z DESKTOP-280IJO6 LOKI: Info: New signature file: gen_impacket_tools.yar
20180109T07:08:35Z DESKTOP-280IJO6 LOKI: Info: New signature file: gen_invoke_mimikatz.yar
20180109T07:08:35Z DESKTOP-280IJO6 LOKI: Info: New signature file: gen_invoke_psimage.yar
20180109T07:08:35Z DESKTOP-280IJO6 LOKI: Info: New signature file: gen_invoke_thehash.yar
20180109T07:08:35Z DESKTOP-280IJO6 LOKI: Info: New signature file: gen_javascript_powershell.yar
20180109T07:08:35Z DESKTOP-280IJO6 LOKI: Info: New signature file: gen_kerberoast.yar
20180109T07:08:35Z DESKTOP-280IJO6 LOKI: Info: New signature file: gen_kirbi_mimkatz.yar
20180109T07:08:35Z DESKTOP-280IJO6 LOKI: Info: New signature file: gen_loaders.yar
20180109T07:08:35Z DESKTOP-280IJO6 LOKI: Info: New signature file: gen_mal_link.yar
20180109T07:08:35Z DESKTOP-280IJO6 LOKI: Info: New signature file: gen_mal_scripts.yar
20180109T07:08:35Z DESKTOP-280IJO6 LOKI: Info: New signature file: gen_malware_set_qa.yar
20180109T07:08:36Z DESKTOP-280IJO6 LOKI: Info: New signature file: gen_merlin_agent.yar
20180109T07:08:36Z DESKTOP-280IJO6 LOKI: Info: New signature file: gen_metasploit_loader_rsmudge.yar
20180109T07:08:36Z DESKTOP-280IJO6 LOKI: Info: New signature file: gen_metasploit_payloads.yar
20180109T07:08:36Z DESKTOP-280IJO6 LOKI: Info: New signature file: gen_mimikittenz.yar
20180109T07:08:36Z DESKTOP-280IJO6 LOKI: Info: New signature file: gen_mimipenguin.yar
20180109T07:08:36Z DESKTOP-280IJO6 LOKI: Info: New signature file: gen_nopowershell.yar
20180109T07:08:36Z DESKTOP-280IJO6 LOKI: Info: New signature file: gen_p0wnshell.yar
20180109T07:08:36Z DESKTOP-280IJO6 LOKI: Info: New signature file: gen_pirpi.yar
20180109T07:08:36Z DESKTOP-280IJO6 LOKI: Info: New signature file: gen_powerkatz.yar
20180109T07:08:36Z DESKTOP-280IJO6 LOKI: Info: New signature file: gen_powershdll.yar
20180109T07:08:36Z DESKTOP-280IJO6 LOKI: Info: New signature file: gen_powershell_empire.yar
20180109T07:08:36Z DESKTOP-280IJO6 LOKI: Info: New signature file: gen_powershell_invocation.yar
20180109T07:08:36Z DESKTOP-280IJO6 LOKI: Info: New signature file: gen_powershell_obfuscation.yar
20180109T07:08:36Z DESKTOP-280IJO6 LOKI: Info: New signature file: gen_powershell_suite.yar
20180109T07:08:36Z DESKTOP-280IJO6 LOKI: Info: New signature file: gen_powershell_susp.yar
20180109T07:08:36Z DESKTOP-280IJO6 LOKI: Info: New signature file: gen_powershell_toolkit.yar
20180109T07:08:36Z DESKTOP-280IJO6 LOKI: Info: New signature file: gen_ps_empire_eval.yar
20180109T07:08:36Z DESKTOP-280IJO6 LOKI: Info: New signature file: gen_ps_osiris.yar
20180109T07:08:36Z DESKTOP-280IJO6 LOKI: Info: New signature file: gen_pua.yar
20180109T07:08:36Z DESKTOP-280IJO6 LOKI: Info: New signature file: gen_pupy_rat.yar
20180109T07:08:36Z DESKTOP-280IJO6 LOKI: Info: New signature file: gen_rats_malwareconfig.yar
20180109T07:08:36Z DESKTOP-280IJO6 LOKI: Info: New signature file: gen_recon_keywords.yar
20180109T07:08:36Z DESKTOP-280IJO6 LOKI: Info: New signature file: gen_redsails.yar
20180109T07:08:36Z DESKTOP-280IJO6 LOKI: Info: New signature file: gen_regsrv32_issue.yar
20180109T07:08:36Z DESKTOP-280IJO6 LOKI: Info: New signature file: gen_rottenpotato.yar
20180109T07:08:36Z DESKTOP-280IJO6 LOKI: Info: New signature file: gen_sharpcat.yar
20180109T07:08:36Z DESKTOP-280IJO6 LOKI: Info: New signature file: gen_suspicious_strings.yar
20180109T07:08:36Z DESKTOP-280IJO6 LOKI: Info: New signature file: gen_sysinternals_anomaly.yar
20180109T07:08:36Z DESKTOP-280IJO6 LOKI: Info: New signature file: gen_tempracer.yar
20180109T07:08:36Z DESKTOP-280IJO6 LOKI: Info: New signature file: gen_thumbs_cloaking.yar
20180109T07:08:36Z DESKTOP-280IJO6 LOKI: Info: New signature file: gen_transformed_strings.yar
20180109T07:08:36Z DESKTOP-280IJO6 LOKI: Info: New signature file: gen_unspecified_malware.yar
20180109T07:08:37Z DESKTOP-280IJO6 LOKI: Info: New signature file: gen_url_to_local_exe.yar
20180109T07:08:37Z DESKTOP-280IJO6 LOKI: Info: New signature file: gen_win_privesc.yar
20180109T07:08:37Z DESKTOP-280IJO6 LOKI: Info: New signature file: gen_winpayloads.yar
20180109T07:08:37Z DESKTOP-280IJO6 LOKI: Info: New signature file: gen_winshells.yar
20180109T07:08:37Z DESKTOP-280IJO6 LOKI: Info: New signature file: gen_wmi_implant.yar
20180109T07:08:37Z DESKTOP-280IJO6 LOKI: Info: New signature file: gen_xtreme_rat.yar
20180109T07:08:37Z DESKTOP-280IJO6 LOKI: Info: New signature file: gen_ysoserial_payloads.yar
20180109T07:08:37Z DESKTOP-280IJO6 LOKI: Info: New signature file: general_cloaking.yar
20180109T07:08:37Z DESKTOP-280IJO6 LOKI: Info: New signature file: general_officemacros.yar
20180109T07:08:37Z DESKTOP-280IJO6 LOKI: Info: New signature file: generic_anomalies.yar
20180109T07:08:37Z DESKTOP-280IJO6 LOKI: Info: New signature file: generic_cryptors.yar
20180109T07:08:37Z DESKTOP-280IJO6 LOKI: Info: New signature file: generic_dumps.yar
20180109T07:08:37Z DESKTOP-280IJO6 LOKI: Info: New signature file: generic_exe2hex_payload.yar
20180109T07:08:37Z DESKTOP-280IJO6 LOKI: Info: New signature file: pua_cryptocoin_miner.yar
20180109T07:08:37Z DESKTOP-280IJO6 LOKI: Info: New signature file: pua_xmrig_monero_miner.yar
20180109T07:08:37Z DESKTOP-280IJO6 LOKI: Info: New signature file: pup_lightftp.yar
20180109T07:08:37Z DESKTOP-280IJO6 LOKI: Info: New signature file: spy_equation_fiveeyes.yar
20180109T07:08:37Z DESKTOP-280IJO6 LOKI: Info: New signature file: spy_querty_fiveeyes.yar
20180109T07:08:37Z DESKTOP-280IJO6 LOKI: Info: New signature file: spy_regin_fiveeyes.yar
20180109T07:08:37Z DESKTOP-280IJO6 LOKI: Info: New signature file: thor-hacktools.yar
20180109T07:08:37Z DESKTOP-280IJO6 LOKI: Info: New signature file: thor-webshells.yar
20180109T07:08:38Z DESKTOP-280IJO6 LOKI: Info: New signature file: thor_inverse_matches.yar
20180109T07:08:38Z DESKTOP-280IJO6 LOKI: Info: New signature file: threat_lenovo_superfish.yar
20180109T07:08:38Z DESKTOP-280IJO6 LOKI: Info: Downloading https://github.com/makflwana/IOCs-in-CSV-format/archive/master.zip ...
20180109T07:08:40Z DESKTOP-280IJO6 LOKI: Info: New signature file: DiamondFox  botnet panels.csv
20180109T07:08:40Z DESKTOP-280IJO6 LOKI: Info: New signature file: Dridex_banking_trojan.xlsx
20180109T07:08:40Z DESKTOP-280IJO6 LOKI: Info: New signature file: Dyre_Banking_Trojan_IOCs.csv
20180109T07:08:40Z DESKTOP-280IJO6 LOKI: Info: New signature file: flyper ransomware - filename - flyper.exe.csv
20180109T07:08:40Z DESKTOP-280IJO6 LOKI: Info: New signature file: flyper ransomware - filename - flyper2.exe.csv
20180109T07:08:40Z DESKTOP-280IJO6 LOKI: Info: New signature file: locky ransomware.csv
20180109T07:08:40Z DESKTOP-280IJO6 LOKI: Info: New signature file: md5 and sha.csv
20180109T07:08:40Z DESKTOP-280IJO6 LOKI: Info: New signature file: tor directory servers.txt
20180109T07:08:40Z DESKTOP-280IJO6 LOKI: Info: New signature file: zepto ransomware - locky variant.csv
20180109T07:08:40Z DESKTOP-280IJO6 LOKI: Info: New signature file: zeus_variant_sphinx.csv
20180109T07:08:40Z DESKTOP-280IJO6 LOKI: Info: Downloading https://github.com/citizenlab/malware-indicators/archive/master.zip ...
20180109T07:08:42Z DESKTOP-280IJO6 LOKI: Info: New signature file: iocs.csv
20180109T07:08:42Z DESKTOP-280IJO6 LOKI: Info: New signature file: openioc.ioc
20180109T07:08:42Z DESKTOP-280IJO6 LOKI: Info: New signature file: assorted.csv
20180109T07:08:42Z DESKTOP-280IJO6 LOKI: Info: New signature file: domains.csv
20180109T07:08:42Z DESKTOP-280IJO6 LOKI: Info: New signature file: md5-c2.csv
20180109T07:08:42Z DESKTOP-280IJO6 LOKI: Info: New signature file: rules.yar
20180109T07:08:42Z DESKTOP-280IJO6 LOKI: Info: New signature file: hashes.csv
20180109T07:08:42Z DESKTOP-280IJO6 LOKI: Info: New signature file: keyboy.yar
20180109T07:08:42Z DESKTOP-280IJO6 LOKI: Info: New signature file: indicators.csv
20180109T07:08:42Z DESKTOP-280IJO6 LOKI: Info: Downloading https://github.com/eset/malware-ioc/archive/master.zip ...
20180109T07:08:44Z DESKTOP-280IJO6 LOKI: Info: New signature file: animalfarm.yar
20180109T07:08:44Z DESKTOP-280IJO6 LOKI: Info: New signature file: prikormka.yar
20180109T07:08:44Z DESKTOP-280IJO6 LOKI: Info: New signature file: keydnap.yar
20180109T07:08:44Z DESKTOP-280IJO6 LOKI: Info: New signature file: LinuxMooseETrules.txt
20180109T07:08:44Z DESKTOP-280IJO6 LOKI: Info: New signature file: linux-moose.yar
20180109T07:08:44Z DESKTOP-280IJO6 LOKI: Info: New signature file: mumblehard_packer.yar
20180109T07:08:44Z DESKTOP-280IJO6 LOKI: Info: New signature file: PotaoNew.yara
20180109T07:08:44Z DESKTOP-280IJO6 LOKI: Info: New signature file: rakos.yar
20180109T07:08:44Z DESKTOP-280IJO6 LOKI: Info: New signature file: stantinko.yar
20180109T07:08:44Z DESKTOP-280IJO6 LOKI: Info: New signature file: carbon.yar
20180109T07:08:44Z DESKTOP-280IJO6 LOKI: Info: New signature file: gazer.yar
20180109T07:08:44Z DESKTOP-280IJO6 LOKI: Info: New signature file: windigo-onimiki.yar
20180109T07:08:44Z DESKTOP-280IJO6 LOKI: Info: New signature file: windigo.ioc
20180109T07:08:45Z DESKTOP-280IJO6 LOKI: Info: Downloading https://github.com/fireeye/iocs/archive/master.zip ...
20180109T07:08:47Z DESKTOP-280IJO6 LOKI: Info: New signature file: 2384c8ce-6eca-4d06-8aa4-151b53d9a6bc.ioc
20180109T07:08:47Z DESKTOP-280IJO6 LOKI: Info: New signature file: 7b9e87c5-b619-4a13-b862-0145614d359a.ioc
20180109T07:08:47Z DESKTOP-280IJO6 LOKI: Info: New signature file: 0ae061d7-c624-4a84-8adf-00281b97797b.ioc
20180109T07:08:47Z DESKTOP-280IJO6 LOKI: Info: New signature file: 0ff58bf9-1c07-42f6-b135-b18c139f631a.ioc
20180109T07:08:47Z DESKTOP-280IJO6 LOKI: Info: New signature file: a438caeb-96dd-4225-853c-fc5910980961.ioc
20180109T07:08:47Z DESKTOP-280IJO6 LOKI: Info: New signature file: a6c6dbf0-d72a-4f07-8b11-55527aef4755.ioc
20180109T07:08:47Z DESKTOP-280IJO6 LOKI: Info: New signature file: bdf7929c-3f0b-4fdd-bcc5-b4a82554ad92.ioc
20180109T07:08:47Z DESKTOP-280IJO6 LOKI: Info: New signature file: e1cbf7ca-4938-4d3c-a7e6-3ff966516191.ioc
20180109T07:08:47Z DESKTOP-280IJO6 LOKI: Info: New signature file: 62f65dae-9475-44b0-a9eb-c1baebbd9885.ioc
20180109T07:08:47Z DESKTOP-280IJO6 LOKI: Info: New signature file: db0b6ac6-874a-498e-892b-ac7c2020e061.ioc
20180109T07:08:47Z DESKTOP-280IJO6 LOKI: Info: New signature file: eeffc8e8-caee-4fe1-8ace-7a994b5d893f.ioc
20180109T07:08:47Z DESKTOP-280IJO6 LOKI: Info: New signature file: 0b879284-0c37-4bfa-9dd8-34505a9c5175.ioc
20180109T07:08:47Z DESKTOP-280IJO6 LOKI: Info: New signature file: 113e561e-60d2-48db-979d-02f207550125.ioc
20180109T07:08:47Z DESKTOP-280IJO6 LOKI: Info: New signature file: 4fdb0f45-8151-4941-a9e1-a31e21000659.ioc
20180109T07:08:47Z DESKTOP-280IJO6 LOKI: Info: New signature file: 5a8d6878-2649-4ddc-a1f6-c98932a54f91.ioc
20180109T07:08:47Z DESKTOP-280IJO6 LOKI: Info: New signature file: 6037663c-680c-4a28-ad58-40622d206e1d.ioc
20180109T07:08:47Z DESKTOP-280IJO6 LOKI: Info: New signature file: 60a6de64-7308-4af1-9003-dc23a73fdf01.ioc
20180109T07:08:47Z DESKTOP-280IJO6 LOKI: Info: New signature file: 6bb9ce5b-94c1-4733-8bb8-dc5be775b190.ioc
20180109T07:08:47Z DESKTOP-280IJO6 LOKI: Info: New signature file: 9a7a6929-25ea-4254-a300-13fd6b39c490.ioc
20180109T07:08:47Z DESKTOP-280IJO6 LOKI: Info: New signature file: 9cee306d-5441-4cd3-932d-f3119752634c.ioc
20180109T07:08:47Z DESKTOP-280IJO6 LOKI: Info: New signature file: b513e829-b023-426a-b7d4-accd511be3c0.ioc
20180109T07:08:47Z DESKTOP-280IJO6 LOKI: Info: New signature file: de99badf-b448-49e7-885a-4d8688ddf02d.ioc
20180109T07:08:47Z DESKTOP-280IJO6 LOKI: Info: New signature file: e598231d-8584-4535-a0de-94e822f04c0b.ioc
20180109T07:08:47Z DESKTOP-280IJO6 LOKI: Info: New signature file: operation_poisoned_handover.yara
20180109T07:08:47Z DESKTOP-280IJO6 LOKI: Info: New signature file: MACROCHECK.yara
20180109T07:08:47Z DESKTOP-280IJO6 LOKI: Info: New signature file: fb0699e2-23a6-40f9-bf96-4514d629eec3.ioc
20180109T07:08:47Z DESKTOP-280IJO6 LOKI: Info: Downloading https://github.com/jasonmiacono/IOCs/archive/master.zip ...
20180109T07:08:48Z DESKTOP-280IJO6 LOKI: Info: New signature file: cerber.ioc
20180109T07:08:48Z DESKTOP-280IJO6 LOKI: Info: New signature file: stickykey-backdoor.ioc
20180109T07:08:48Z DESKTOP-280IJO6 LOKI: Info: Downloading https://github.com/pan-unit42/iocs/archive/master.zip ...
20180109T07:09:03Z DESKTOP-280IJO6 LOKI: Info: New signature file: agenttesla_panels.txt
20180109T07:09:03Z DESKTOP-280IJO6 LOKI: Info: New signature file: top_domains.txt
20180109T07:09:03Z DESKTOP-280IJO6 LOKI: Info: New signature file: diamondfox_panels.txt
20180109T07:09:03Z DESKTOP-280IJO6 LOKI: Info: New signature file: domains.txt
20180109T07:09:03Z DESKTOP-280IJO6 LOKI: Info: New signature file: sha256_hashes.txt
20180109T07:09:03Z DESKTOP-280IJO6 LOKI: Info: New signature file: apps.csv
20180109T07:09:03Z DESKTOP-280IJO6 LOKI: Info: New signature file: ispy_panels.txt
20180109T07:09:03Z DESKTOP-280IJO6 LOKI: Info: New signature file: keybase_ioc.csv
20180109T07:09:03Z DESKTOP-280IJO6 LOKI: Info: New signature file: keybase_panels.txt
20180109T07:09:03Z DESKTOP-280IJO6 LOKI: Info: New signature file: hashes.txt
20180109T07:09:03Z DESKTOP-280IJO6 LOKI: Info: New signature file: c2_domains.txt
20180109T07:09:03Z DESKTOP-280IJO6 LOKI: Info: New signature file: c2_ips.txt
20180109T07:09:03Z DESKTOP-280IJO6 LOKI: Info: New signature file: delivery_doc_hashes.txt
20180109T07:09:03Z DESKTOP-280IJO6 LOKI: Info: New signature file: elise_hashes.txt
20180109T07:09:03Z DESKTOP-280IJO6 LOKI: Info: New signature file: luminositylink_configs.csv
20180109T07:09:03Z DESKTOP-280IJO6 LOKI: Info: New signature file: magek_domains.txt
20180109T07:09:03Z DESKTOP-280IJO6 LOKI: Info: New signature file: magek_domains_28JUN2017.txt
20180109T07:09:03Z DESKTOP-280IJO6 LOKI: Info: New signature file: magek_exploit.txt
20180109T07:09:03Z DESKTOP-280IJO6 LOKI: Info: New signature file: magek_landing.txt
20180109T07:09:03Z DESKTOP-280IJO6 LOKI: Info: New signature file: Domain_listing.txt
20180109T07:09:03Z DESKTOP-280IJO6 LOKI: Info: New signature file: IP_listing.txt
20180109T07:09:04Z DESKTOP-280IJO6 LOKI: Info: New signature file: pe_meta.txt
20180109T07:09:04Z DESKTOP-280IJO6 LOKI: Info: New signature file: powerstager.yar
20180109T07:09:04Z DESKTOP-280IJO6 LOKI: Info: New signature file: ps_encodedcommand_data.txt
20180109T07:09:05Z DESKTOP-280IJO6 LOKI: Info: New signature file: samsa_iocs.csv
20180109T07:09:05Z DESKTOP-280IJO6 LOKI: Info: New signature file: updated_iocs.csv
20180109T07:09:05Z DESKTOP-280IJO6 LOKI: Info: Downloading https://github.com/kbandla/APTnotes/archive/master.zip ...
20180109T07:12:22Z DESKTOP-280IJO6 LOKI: Info: New signature file: 556_10535_798405_Annex87_CyberAttacks.pdf
20180109T07:12:22Z DESKTOP-280IJO6 LOKI: Info: New signature file: ghostnet.pdf
20180109T07:12:22Z DESKTOP-280IJO6 LOKI: Info: New signature file: Aurora_Botnet_Command_Structure.pdf
20180109T07:12:22Z DESKTOP-280IJO6 LOKI: Info: New signature file: Aurora_HBGARY_DRAFT.pdf
20180109T07:12:22Z DESKTOP-280IJO6 LOKI: Info: New signature file: Case_Study_Operation_Aurora_V11.pdf
20180109T07:12:22Z DESKTOP-280IJO6 LOKI: Info: New signature file: Combating Threats - Operation Aurora.pdf
20180109T07:12:22Z DESKTOP-280IJO6 LOKI: Info: New signature file: MSUpdaterTrojanWhitepaper.pdf
20180109T07:12:23Z DESKTOP-280IJO6 LOKI: Info: New signature file: WhitePaper HBGary Threat Report, Operation Aurora.pdf
20180109T07:12:23Z DESKTOP-280IJO6 LOKI: Info: New signature file: how_can_u_tell_Aurora.pdf
20180109T07:12:23Z DESKTOP-280IJO6 LOKI: Info: New signature file: in-depth_analysis_of_hydraq_final_231538.pdf
20180109T07:12:23Z DESKTOP-280IJO6 LOKI: Info: New signature file: shadows-in-the-cloud.pdf
20180109T07:12:23Z DESKTOP-280IJO6 LOKI: Info: New signature file: Alerts DL-2011 Alerts-A-2011-02-18-01 Night Dragon Attachment 1.pdf
20180109T07:12:23Z DESKTOP-280IJO6 LOKI: Info: New signature file: C5_APT_ADecadeInReview.pdf
20180109T07:12:23Z DESKTOP-280IJO6 LOKI: Info: New signature file: C5_APT_SKHack.pdf
20180109T07:12:23Z DESKTOP-280IJO6 LOKI: Info: New signature file: Duqu_Trojan_Questions_and_Answers.pdf
20180109T07:12:23Z DESKTOP-280IJO6 LOKI: Info: New signature file: Evolution_Drivers_Duqu_Stuxnet.pdf
20180109T07:12:23Z DESKTOP-280IJO6 LOKI: Info: New signature file: HTran_and_the_Advanced_Persistent_Threat.pdf
20180109T07:12:23Z DESKTOP-280IJO6 LOKI: Info: New signature file: Palebot_Palestinian_credentials.pdf
20180109T07:12:23Z DESKTOP-280IJO6 LOKI: Info: New signature file: Stuxnet_Under_the_Microscope.pdf
20180109T07:12:23Z DESKTOP-280IJO6 LOKI: Info: New signature file: shady_rat_vanity.pdf
20180109T07:12:23Z DESKTOP-280IJO6 LOKI: Info: New signature file: tb_advanced_persistent_threats.pdf
20180109T07:12:23Z DESKTOP-280IJO6 LOKI: Info: New signature file: the_nitro_attacks.pdf
20180109T07:12:23Z DESKTOP-280IJO6 LOKI: Info: New signature file: w32_stuxnet_dossier.pdf
20180109T07:12:23Z DESKTOP-280IJO6 LOKI: Info: New signature file: wp-global-energy-cyberattacks-night-dragon.pdf
20180109T07:12:23Z DESKTOP-280IJO6 LOKI: Info: New signature file: wp-operation-shady-rat.pdf
20180109T07:12:23Z DESKTOP-280IJO6 LOKI: Info: New signature file: wp_dissecting-lurid-apt.pdf
20180109T07:12:23Z DESKTOP-280IJO6 LOKI: Info: New signature file: Crouching_tiger_hidden_dragon.pdf
20180109T07:12:23Z DESKTOP-280IJO6 LOKI: Info: New signature file: Crypto-DarkComet-Report.pdf
20180109T07:12:23Z DESKTOP-280IJO6 LOKI: Info: New signature file: Cyberattack_against_Israeli_and_Palestinian_targets.pdf
20180109T07:12:23Z DESKTOP-280IJO6 LOKI: Info: New signature file: FTA 1007 - Shamoon.pdf
20180109T07:12:23Z DESKTOP-280IJO6 LOKI: Info: New signature file: Faces_Ghost_RAT.pdf
20180109T07:12:23Z DESKTOP-280IJO6 LOKI: Info: New signature file: From-Bahrain-With-Love-FinFishers-Spy-Kit-Exposed.pdf
20180109T07:12:24Z DESKTOP-280IJO6 LOKI: Info: New signature file: IEXPL0RE_RAT.pdf
20180109T07:12:24Z DESKTOP-280IJO6 LOKI: Info: New signature file: NormanShark-MaudiOperation.pdf
20180109T07:12:24Z DESKTOP-280IJO6 LOKI: Info: New signature file: OSX_SabPub.pdf
20180109T07:12:24Z DESKTOP-280IJO6 LOKI: Info: New signature file: PEST-CONTROL.pdf
20180109T07:12:24Z DESKTOP-280IJO6 LOKI: Info: New signature file: The_Madi_Infostealers.pdf
20180109T07:12:24Z DESKTOP-280IJO6 LOKI: Info: New signature file: The_Mirage_Campaign.pdf
20180109T07:12:24Z DESKTOP-280IJO6 LOKI: Info: New signature file: The_Sin_Digoo_Affair.pdf
20180109T07:12:24Z DESKTOP-280IJO6 LOKI: Info: New signature file: Tibet_Lurk.pdf
20180109T07:12:24Z DESKTOP-280IJO6 LOKI: Info: New signature file: VOHO_WP_FINAL_READY-FOR-Publication-09242012_AC.pdf
20180109T07:12:24Z DESKTOP-280IJO6 LOKI: Info: New signature file: WickedRose_andNCPH.pdf
20180109T07:12:24Z DESKTOP-280IJO6 LOKI: Info: New signature file: kaspersky-lab-gauss.pdf
20180109T07:12:24Z DESKTOP-280IJO6 LOKI: Info: New signature file: skywiper.pdf
20180109T07:12:24Z DESKTOP-280IJO6 LOKI: Info: New signature file: the-elderwood-project.pdf
20180109T07:12:24Z DESKTOP-280IJO6 LOKI: Info: New signature file: trojan_taidoor-targeting_think_tanks.pdf
20180109T07:12:24Z DESKTOP-280IJO6 LOKI: Info: New signature file: w32_flamer_newsforyou.pdf
20180109T07:12:24Z DESKTOP-280IJO6 LOKI: Info: New signature file: wp_ixeshe.pdf
20180109T07:12:24Z DESKTOP-280IJO6 LOKI: Info: New signature file: wp_luckycat_redux.pdf
20180109T07:12:24Z DESKTOP-280IJO6 LOKI: Info: New signature file: wp_the-heartbeat-apt-campaign.pdf
20180109T07:12:24Z DESKTOP-280IJO6 LOKI: Info: New signature file: 15-2013-youonlyclicktwice.pdf
20180109T07:12:24Z DESKTOP-280IJO6 LOKI: Info: New signature file: 19-2013-acalltoharm.pdf
20180109T07:12:24Z DESKTOP-280IJO6 LOKI: Info: New signature file: 2013-9.pdf
20180109T07:12:24Z DESKTOP-280IJO6 LOKI: Info: New signature file: 2q-report-on-targeted-attack-campaigns.pdf
20180109T07:12:24Z DESKTOP-280IJO6 LOKI: Info: New signature file: ByeBye_Shell_target.pdf
20180109T07:12:24Z DESKTOP-280IJO6 LOKI: Info: New signature file: C5_APT_C2InTheFifthDomain.pdf
20180109T07:12:24Z DESKTOP-280IJO6 LOKI: Info: New signature file: Dark_Seoul_Cyberattack.pdf
20180109T07:12:24Z DESKTOP-280IJO6 LOKI: Info: New signature file: ETSO_APT_Attacks_Analysis.pdf
20180109T07:12:25Z DESKTOP-280IJO6 LOKI: Info: New signature file: FTA 1010 - njRAT The Saga Continues.pdf
20180109T07:12:25Z DESKTOP-280IJO6 LOKI: Info: New signature file: FireEye-Terminator_RAT.pdf
20180109T07:12:25Z DESKTOP-280IJO6 LOKI: Info: New signature file: India_Pak_Tranchulas.pdf
20180109T07:12:25Z DESKTOP-280IJO6 LOKI: Info: New signature file: Inside_Report_by_Infosec_Consortium.pdf
20180109T07:12:25Z DESKTOP-280IJO6 LOKI: Info: New signature file: KeyBoy_Vietnam_India.pdf
20180109T07:12:25Z DESKTOP-280IJO6 LOKI: Info: New signature file: Kimsuky.pdf
20180109T07:12:25Z DESKTOP-280IJO6 LOKI: Info: New signature file: Mandiant_APT1_Report.pdf
20180109T07:12:25Z DESKTOP-280IJO6 LOKI: Info: New signature file: McAfee_Labs_Threat_Advisory_Exploit_Operation_Red_Oct.pdf
20180109T07:12:25Z DESKTOP-280IJO6 LOKI: Info: New signature file: MiniDuke_Paper_Final.pdf
20180109T07:12:25Z DESKTOP-280IJO6 LOKI: Info: New signature file: NS-Unveiling-an-Indian-Cyberattack-Infrastructure_FINAL_Web.pdf
20180109T07:12:25Z DESKTOP-280IJO6 LOKI: Info: New signature file: Norman_HangOver report_Executive Summary_042513.pdf
20180109T07:12:25Z DESKTOP-280IJO6 LOKI: Info: New signature file: Operation_DeputyDog.pdf
20180109T07:12:25Z DESKTOP-280IJO6 LOKI: Info: New signature file: Operation_EphemeralHydra.pdf
20180109T07:12:25Z DESKTOP-280IJO6 LOKI: Info: New signature file: Operation_Molerats.pdf
20180109T07:12:25Z DESKTOP-280IJO6 LOKI: Info: New signature file: Plugx_Smoaler.pdf
20180109T07:12:25Z DESKTOP-280IJO6 LOKI: Info: New signature file: Presentation_Targeted-Attacks_EN.pdf
20180109T07:12:25Z DESKTOP-280IJO6 LOKI: Info: New signature file: RAP002_APT1_Technical_backstage.1.0.pdf
20180109T07:12:25Z DESKTOP-280IJO6 LOKI: Info: New signature file: Safe-a-targeted-threat.pdf
20180109T07:12:25Z DESKTOP-280IJO6 LOKI: Info: New signature file: Secrets_of_the_Comfoo_Masters.pdf
20180109T07:12:25Z DESKTOP-280IJO6 LOKI: Info: New signature file: Securelist_RedOctober.pdf
20180109T07:12:25Z DESKTOP-280IJO6 LOKI: Info: New signature file: Securelist_RedOctober_Detail.pdf
20180109T07:12:25Z DESKTOP-280IJO6 LOKI: Info: New signature file: Surtr_Malware_Tibetan.pdf
20180109T07:12:25Z DESKTOP-280IJO6 LOKI: Info: New signature file: Trojan.APT.BaneChant.pdf
20180109T07:12:26Z DESKTOP-280IJO6 LOKI: Info: New signature file: Trojan.APT.Seinup.pdf
20180109T07:12:26Z DESKTOP-280IJO6 LOKI: Info: New signature file: US-13-Yarochkin-In-Depth-Analysis-of-Escalated-APT-Attacks-Slides.pdf
20180109T07:12:26Z DESKTOP-280IJO6 LOKI: Info: New signature file: Unveiling an Indian Cyberattack Infrastructure - appendixes.pdf
20180109T07:12:26Z DESKTOP-280IJO6 LOKI: Info: New signature file: circl-analysisreport-miniduke-stage3-public.pdf
20180109T07:12:26Z DESKTOP-280IJO6 LOKI: Info: New signature file: comment_crew_indicators_of_compromise.pdf
20180109T07:12:26Z DESKTOP-280IJO6 LOKI: Info: New signature file: dissecting-operation-troy.pdf
20180109T07:12:26Z DESKTOP-280IJO6 LOKI: Info: New signature file: energy-at-risk.pdf
20180109T07:12:26Z DESKTOP-280IJO6 LOKI: Info: New signature file: fireeye-china-chopper-report.pdf
20180109T07:12:26Z DESKTOP-280IJO6 LOKI: Info: New signature file: fireeye-malware-supply-chain.pdf
20180109T07:12:26Z DESKTOP-280IJO6 LOKI: Info: New signature file: fireeye-operation-ke3chang.pdf
20180109T07:12:26Z DESKTOP-280IJO6 LOKI: Info: New signature file: fireeye-poison-ivy-report.pdf
20180109T07:12:26Z DESKTOP-280IJO6 LOKI: Info: New signature file: fireeye-wwc-report.pdf
20180109T07:12:26Z DESKTOP-280IJO6 LOKI: Info: New signature file: fta-1009---njrat-uncovered-1.pdf
20180109T07:12:26Z DESKTOP-280IJO6 LOKI: Info: New signature file: hidden_lynx.pdf
20180109T07:12:26Z DESKTOP-280IJO6 LOKI: Info: New signature file: icefog.pdf
20180109T07:12:26Z DESKTOP-280IJO6 LOKI: Info: New signature file: kaspersky-the-net-traveler-part1-final.pdf
20180109T07:12:26Z DESKTOP-280IJO6 LOKI: Info: New signature file: miniduke_indicators_public.pdf
20180109T07:12:26Z DESKTOP-280IJO6 LOKI: Info: New signature file: stuxnet_0_5_the_missing_link.pdf
20180109T07:12:26Z DESKTOP-280IJO6 LOKI: Info: New signature file: themysteryofthepdf0-dayassemblermicrobackdoor.pdf
20180109T07:12:26Z DESKTOP-280IJO6 LOKI: Info: New signature file: theteamspystory_final_t2.pdf
20180109T07:12:27Z DESKTOP-280IJO6 LOKI: Info: New signature file: tr-12-circl-plugx-analysis-v1.pdf
20180109T07:12:27Z DESKTOP-280IJO6 LOKI: Info: New signature file: winnti-more-than-just-a-game-130410.pdf
20180109T07:12:27Z DESKTOP-280IJO6 LOKI: Info: New signature file: wp-fakem-rat.pdf
20180109T07:12:27Z DESKTOP-280IJO6 LOKI: Info: New signature file: ASERT-Threat-Intelligence-Brief-2014-07-Illuminating-Etumbot-APT.pdf
20180109T07:12:27Z DESKTOP-280IJO6 LOKI: Info: New signature file: AdversaryIntelligenceReport_DeepPanda_0 (1).pdf
20180109T07:12:27Z DESKTOP-280IJO6 LOKI: Info: New signature file: Aided_Frame_Aided_Direction.pdf
20180109T07:12:27Z DESKTOP-280IJO6 LOKI: Info: New signature file: Alienvault_Scanbox.pdf
20180109T07:12:27Z DESKTOP-280IJO6 LOKI: Info: New signature file: Anunak_APT_against_financial_institutions.pdf
20180109T07:12:27Z DESKTOP-280IJO6 LOKI: Info: New signature file: BlackEnergy2_Plugins_Router.pdf
20180109T07:12:27Z DESKTOP-280IJO6 LOKI: Info: New signature file: Chinese_MITM_Google.pdf
20180109T07:12:27Z DESKTOP-280IJO6 LOKI: Info: New signature file: CloudAtlas_RedOctober_APT.pdf
20180109T07:12:27Z DESKTOP-280IJO6 LOKI: Info: New signature file: Compromise_Greece_Beijing.pdf
20180109T07:12:27Z DESKTOP-280IJO6 LOKI: Info: New signature file: CrowdStrike_Flying_Kitten.pdf
20180109T07:12:27Z DESKTOP-280IJO6 LOKI: Info: New signature file: Cylance_Operation_Cleaver_Report.pdf
20180109T07:12:27Z DESKTOP-280IJO6 LOKI: Info: New signature file: DEEP_PANDA_Sakula.pdf
20180109T07:12:27Z DESKTOP-280IJO6 LOKI: Info: New signature file: Darwin_fav_APT_Group.pdf
20180109T07:12:27Z DESKTOP-280IJO6 LOKI: Info: New signature file: Democracy_HongKong_Under_Attack.pdf
20180109T07:12:27Z DESKTOP-280IJO6 LOKI: Info: New signature file: Derusbi_Server_Analysis-Final.pdf
20180109T07:12:27Z DESKTOP-280IJO6 LOKI: Info: New signature file: Dragonfly_Threat_Against_Western_Energy_Suppliers.pdf
20180109T07:12:27Z DESKTOP-280IJO6 LOKI: Info: New signature file: EB-YetiJuly2014-Public.pdf
20180109T07:12:27Z DESKTOP-280IJO6 LOKI: Info: New signature file: El_Machete.pdf
20180109T07:12:27Z DESKTOP-280IJO6 LOKI: Info: New signature file: EvilBunny_Suspect4_v1.0.pdf
20180109T07:12:27Z DESKTOP-280IJO6 LOKI: Info: New signature file: FTA 1001 FINAL 1.15.14.pdf
20180109T07:12:27Z DESKTOP-280IJO6 LOKI: Info: New signature file: FTA 1011 Follow UP.pdf
20180109T07:12:27Z DESKTOP-280IJO6 LOKI: Info: New signature file: FTA 1012 STTEAM Final.pdf
20180109T07:12:28Z DESKTOP-280IJO6 LOKI: Info: New signature file: FTA_1013_RAT_in_a_jar.pdf
20180109T07:12:28Z DESKTOP-280IJO6 LOKI: Info: New signature file: FTA_1014_Bots_Machines_and_the_Matrix.pdf
20180109T07:12:28Z DESKTOP-280IJO6 LOKI: Info: New signature file: GDATA_TooHash_CaseStudy_102014_EN_v1.pdf
20180109T07:12:28Z DESKTOP-280IJO6 LOKI: Info: New signature file: GData_Uroburos_RedPaper_EN_v1.pdf
20180109T07:12:28Z DESKTOP-280IJO6 LOKI: Info: New signature file: Gholee_Protective_Edge_themed_spear_phishing_campaign.pdf
20180109T07:12:28Z DESKTOP-280IJO6 LOKI: Info: New signature file: Group72_Opening_ZxShell.pdf
20180109T07:12:28Z DESKTOP-280IJO6 LOKI: Info: New signature file: Group_72.pdf
20180109T07:12:28Z DESKTOP-280IJO6 LOKI: Info: New signature file: HPSR SecurityBriefing_Episode16_NorthKorea.pdf
20180109T07:12:28Z DESKTOP-280IJO6 LOKI: Info: New signature file: Hikit_Analysis-Final.pdf
20180109T07:12:28Z DESKTOP-280IJO6 LOKI: Info: New signature file: ICS_Havex_backdoors.pdf
20180109T07:12:28Z DESKTOP-280IJO6 LOKI: Info: New signature file: KL_Epic_Turla_Technical_Appendix_20140806.pdf
20180109T07:12:28Z DESKTOP-280IJO6 LOKI: Info: New signature file: KL_report_syrian_malware.pdf
20180109T07:12:28Z DESKTOP-280IJO6 LOKI: Info: New signature file: Kaspersky_Lab_crouching_yeti_appendixes_eng_final.pdf
20180109T07:12:28Z DESKTOP-280IJO6 LOKI: Info: New signature file: Kaspersky_Lab_whitepaper_Regin_platform_eng.pdf
20180109T07:12:28Z DESKTOP-280IJO6 LOKI: Info: New signature file: Korplug_Afghanistan_Tajikistan.pdf
20180109T07:12:28Z DESKTOP-280IJO6 LOKI: Info: New signature file: LeoUncia_OrcaRat.pdf
20180109T07:12:28Z DESKTOP-280IJO6 LOKI: Info: New signature file: Micro-Targeted-Malvertising-WP-10-27-14-1.pdf
20180109T07:12:28Z DESKTOP-280IJO6 LOKI: Info: New signature file: Miniduke_twitter.pdf
20180109T07:12:28Z DESKTOP-280IJO6 LOKI: Info: New signature file: Modified_Binaries_Tor.pdf
20180109T07:12:28Z DESKTOP-280IJO6 LOKI: Info: New signature file: NYTimes_Attackers_Evolve_Quickly.pdf
20180109T07:12:28Z DESKTOP-280IJO6 LOKI: Info: New signature file: NetTraveler_Makeover_10th_Birthday.pdf
20180109T07:12:28Z DESKTOP-280IJO6 LOKI: Info: New signature file: OnionDuke_Tor.pdf
20180109T07:12:28Z DESKTOP-280IJO6 LOKI: Info: New signature file: Op_Clandestine_Fox.pdf
20180109T07:12:28Z DESKTOP-280IJO6 LOKI: Info: New signature file: Op_SnowMan_DeputyDog.pdf
20180109T07:12:28Z DESKTOP-280IJO6 LOKI: Info: New signature file: OperationCleaver_The_Notepad_Files.pdf
20180109T07:12:28Z DESKTOP-280IJO6 LOKI: Info: New signature file: OperationDoubleTap.pdf
20180109T07:12:28Z DESKTOP-280IJO6 LOKI: Info: New signature file: Operation_CloudyOmega_Ichitaro.pdf
20180109T07:12:29Z DESKTOP-280IJO6 LOKI: Info: New signature file: Operation_GreedyWonk.pdf
20180109T07:12:29Z DESKTOP-280IJO6 LOKI: Info: New signature file: Operation_Poisoned_Handover.pdf
20180109T07:12:29Z DESKTOP-280IJO6 LOKI: Info: New signature file: Operation_Poisoned_Hurricane.pdf
20180109T07:12:29Z DESKTOP-280IJO6 LOKI: Info: New signature file: Operation_SnowMan.pdf
20180109T07:12:29Z DESKTOP-280IJO6 LOKI: Info: New signature file: OrcaRAT.pdf
20180109T07:12:29Z DESKTOP-280IJO6 LOKI: Info: New signature file: PAN_Nitro.pdf
20180109T07:12:29Z DESKTOP-280IJO6 LOKI: Info: New signature file: Pitty_Tiger_Final_Report.pdf
20180109T07:12:29Z DESKTOP-280IJO6 LOKI: Info: New signature file: Regis_The_Intercept.pdf
20180109T07:12:29Z DESKTOP-280IJO6 LOKI: Info: New signature file: Reuters_Turla.pdf
20180109T07:12:29Z DESKTOP-280IJO6 LOKI: Info: New signature file: Sandworm_briefing2.pdf
20180109T07:12:29Z DESKTOP-280IJO6 LOKI: Info: New signature file: Sayad_Flying_Kitten_analysis.pdf
20180109T07:12:29Z DESKTOP-280IJO6 LOKI: Info: New signature file: Syrian_Malware_Team_BlackWorm.pdf
20180109T07:12:29Z DESKTOP-280IJO6 LOKI: Info: New signature file: TA14-353A_wiper.pdf
20180109T07:12:29Z DESKTOP-280IJO6 LOKI: Info: New signature file: Targeted_Attacks_Lense_NGO.pdf
20180109T07:12:29Z DESKTOP-280IJO6 LOKI: Info: New signature file: Targeting_Syrian_ISIS_Critics.pdf
20180109T07:12:29Z DESKTOP-280IJO6 LOKI: Info: New signature file: The_Epic_Turla_Operation.pdf
20180109T07:12:29Z DESKTOP-280IJO6 LOKI: Info: New signature file: The_Monju_Incident.pdf
20180109T07:12:29Z DESKTOP-280IJO6 LOKI: Info: New signature file: The_Siesta_Campaign.pdf
20180109T07:12:29Z DESKTOP-280IJO6 LOKI: Info: New signature file: The_Uroburos_case.pdf
20180109T07:12:29Z DESKTOP-280IJO6 LOKI: Info: New signature file: ThreatConnect_Operation_Arachnophobia_Report.pdf
20180109T07:12:29Z DESKTOP-280IJO6 LOKI: Info: New signature file: TrapX_ZOMBIE_Report_Final.pdf
20180109T07:12:30Z DESKTOP-280IJO6 LOKI: Info: New signature file: Turla_2_Penquin.pdf
20180109T07:12:30Z DESKTOP-280IJO6 LOKI: Info: New signature file: Vinself_steganography.pdf
20180109T07:12:30Z DESKTOP-280IJO6 LOKI: Info: New signature file: Wiper_Malware.pdf
20180109T07:12:30Z DESKTOP-280IJO6 LOKI: Info: New signature file: XSLCmd_OSX.pdf
20180109T07:12:30Z DESKTOP-280IJO6 LOKI: Info: New signature file: XtremeRAT_fireeye.pdf
20180109T07:12:30Z DESKTOP-280IJO6 LOKI: Info: New signature file: ZoxPNG_Full_Analysis-Final.pdf
20180109T07:12:30Z DESKTOP-280IJO6 LOKI: Info: New signature file: apt28.pdf
20180109T07:12:30Z DESKTOP-280IJO6 LOKI: Info: New signature file: bcs_wp_InceptionReport_EN_v12914.pdf
20180109T07:12:30Z DESKTOP-280IJO6 LOKI: Info: New signature file: blackenergy_whitepaper.pdf
20180109T07:12:30Z DESKTOP-280IJO6 LOKI: Info: New signature file: circl-tr25-analysis-turla-pfinet-snake-uroburos.pdf
20180109T07:12:30Z DESKTOP-280IJO6 LOKI: Info: New signature file: cosmicduke_whitepaper.pdf
20180109T07:12:30Z DESKTOP-280IJO6 LOKI: Info: New signature file: darkhotel_kl_07.11.pdf
20180109T07:12:30Z DESKTOP-280IJO6 LOKI: Info: New signature file: darkhotelappendixindicators_kl.pdf
20180109T07:12:30Z DESKTOP-280IJO6 LOKI: Info: New signature file: deep-panda-webshells.pdf
20180109T07:12:30Z DESKTOP-280IJO6 LOKI: Info: New signature file: fireeye-operation-quantum-entanglement.pdf
20180109T07:12:30Z DESKTOP-280IJO6 LOKI: Info: New signature file: fireeye-operation-saffron-rose.pdf
20180109T07:12:30Z DESKTOP-280IJO6 LOKI: Info: New signature file: fireeye-sidewinder-targeted-attack.pdf
20180109T07:12:30Z DESKTOP-280IJO6 LOKI: Info: New signature file: h12756-wp-shell-crew.pdf
20180109T07:12:30Z DESKTOP-280IJO6 LOKI: Info: New signature file: korea_power_plant_wiper.pdf
20180109T07:12:30Z DESKTOP-280IJO6 LOKI: Info: New signature file: operation-poisoned-helmand.pdf
20180109T07:12:30Z DESKTOP-280IJO6 LOKI: Info: New signature file: putter-panda.pdf
20180109T07:12:30Z DESKTOP-280IJO6 LOKI: Info: New signature file: pwc_ScanBox_framework.pdf
20180109T07:12:30Z DESKTOP-280IJO6 LOKI: Info: New signature file: regin-analysis.pdf
20180109T07:12:30Z DESKTOP-280IJO6 LOKI: Info: New signature file: roaming_tiger_zeronights_2014.pdf
20180109T07:12:30Z DESKTOP-280IJO6 LOKI: Info: New signature file: rpt-fin4.pdf
20180109T07:12:31Z DESKTOP-280IJO6 LOKI: Info: New signature file: sec14-paper-hardy.pdf
20180109T07:12:31Z DESKTOP-280IJO6 LOKI: Info: New signature file: sec14-paper-marczak.pdf
20180109T07:12:31Z DESKTOP-280IJO6 LOKI: Info: New signature file: snake_whitepaper.pdf
20180109T07:12:31Z DESKTOP-280IJO6 LOKI: Info: New signature file: sophos-rotten-tomato-campaign.pdf
20180109T07:12:31Z DESKTOP-280IJO6 LOKI: Info: New signature file: tactical-intelligence-bulletin---sofacy-phishing-.pdf
20180109T07:12:31Z DESKTOP-280IJO6 LOKI: Info: New signature file: targeted_attacks_against_the_energy_sector.pdf
20180109T07:12:31Z DESKTOP-280IJO6 LOKI: Info: New signature file: th3bug_Watering_Hole_PoisonIvy.pdf
20180109T07:12:31Z DESKTOP-280IJO6 LOKI: Info: New signature file: unveilingthemask_v1.0.pdf
20180109T07:12:31Z DESKTOP-280IJO6 LOKI: Info: New signature file: w32_regin_stage_1.pdf
20180109T07:12:31Z DESKTOP-280IJO6 LOKI: Info: New signature file: w64_regin_stage_1.pdf
20180109T07:12:31Z DESKTOP-280IJO6 LOKI: Info: New signature file: wp-operation-pawn-storm.pdf
20180109T07:12:31Z DESKTOP-280IJO6 LOKI: Info: New signature file: ANALYSIS-ON-APT-TO-BE-ATTACK-THAT-FOCUSING-ON-CHINAS-GOVERNMENT-AGENCY-.pdf
20180109T07:12:31Z DESKTOP-280IJO6 LOKI: Info: New signature file: Agent.BTZ_to_ComRAT.pdf
20180109T07:12:31Z DESKTOP-280IJO6 LOKI: Info: New signature file: Anthem_hack_all_roads_lead_to_China.pdf
20180109T07:12:31Z DESKTOP-280IJO6 LOKI: Info: New signature file: Attacks against Israeli & Palestinian interests - Cyber security updates.pdf
20180109T07:12:31Z DESKTOP-280IJO6 LOKI: Info: New signature file: Backdoor.Winnti_Trojan.Skelky.pdf
20180109T07:12:31Z DESKTOP-280IJO6 LOKI: Info: New signature file: BlueTermite_Japan.pdf
20180109T07:12:31Z DESKTOP-280IJO6 LOKI: Info: New signature file: Carbanak_APT_eng.pdf
20180109T07:12:32Z DESKTOP-280IJO6 LOKI: Info: New signature file: China_Peace_Palace.pdf
20180109T07:12:32Z DESKTOP-280IJO6 LOKI: Info: New signature file: CmstarDownloader_Lurid_Enfal_Cousin.pdf
20180109T07:12:32Z DESKTOP-280IJO6 LOKI: Info: New signature file: CozyDuke.pdf
20180109T07:12:32Z DESKTOP-280IJO6 LOKI: Info: New signature file: Cylance SPEAR Team_ A Threat Actor Resurfaces.pdf
20180109T07:12:32Z DESKTOP-280IJO6 LOKI: Info: New signature file: DTL-06282015-01.pdf
20180109T07:12:32Z DESKTOP-280IJO6 LOKI: Info: New signature file: DTL-12012015-01.pdf
20180109T07:12:32Z DESKTOP-280IJO6 LOKI: Info: New signature file: Dino  the latest spying malware from an allegedly French espionage group analyzed.pdf
20180109T07:12:32Z DESKTOP-280IJO6 LOKI: Info: New signature file: Dissecting-LinuxMoose.pdf
20180109T07:12:32Z DESKTOP-280IJO6 LOKI: Info: New signature file: Dissecting-the-Kraken.pdf
20180109T07:12:32Z DESKTOP-280IJO6 LOKI: Info: New signature file: Duke_cloud_Linux.pdf
20180109T07:12:32Z DESKTOP-280IJO6 LOKI: Info: New signature file: Elephantosis.pdf
20180109T07:12:32Z DESKTOP-280IJO6 LOKI: Info: New signature file: Equation_group_questions_and_answers.pdf
20180109T07:12:32Z DESKTOP-280IJO6 LOKI: Info: New signature file: FSOFACY.pdf
20180109T07:12:32Z DESKTOP-280IJO6 LOKI: Info: New signature file: Forkmeiamfamous_SeaDuke.pdf
20180109T07:12:32Z DESKTOP-280IJO6 LOKI: Info: New signature file: GlobalThreatIntelReport.pdf
20180109T07:12:32Z DESKTOP-280IJO6 LOKI: Info: New signature file: Grabit.pdf
20180109T07:12:32Z DESKTOP-280IJO6 LOKI: Info: New signature file: Inception_APT_Analysis_Bluecoat.pdf
20180109T07:12:33Z DESKTOP-280IJO6 LOKI: Info: New signature file: Indicators_of_Compormise_Hellsing.pdf
20180109T07:12:33Z DESKTOP-280IJO6 LOKI: Info: New signature file: Inside_EquationDrug_Espionage_Platform.pdf
20180109T07:12:33Z DESKTOP-280IJO6 LOKI: Info: New signature file: Minerva_Clearsky_CopyKittens(11-23-15).pdf
20180109T07:12:33Z DESKTOP-280IJO6 LOKI: Info: New signature file: MiniDionis_CozyCar_Seaduke.pdf
20180109T07:12:33Z DESKTOP-280IJO6 LOKI: Info: New signature file: OceanLotusReport.pdf
20180109T07:12:33Z DESKTOP-280IJO6 LOKI: Info: New signature file: Operation RussianDoll.pdf
20180109T07:12:33Z DESKTOP-280IJO6 LOKI: Info: New signature file: Operation-Potao-Express_final_v2.pdf
20180109T07:12:33Z DESKTOP-280IJO6 LOKI: Info: New signature file: OperationClandestineWolf.pdf
20180109T07:12:33Z DESKTOP-280IJO6 LOKI: Info: New signature file: P2P_PlugX_Analysis.pdf
20180109T07:12:33Z DESKTOP-280IJO6 LOKI: Info: New signature file: PawnStorm_iOS.pdf
20180109T07:12:33Z DESKTOP-280IJO6 LOKI: Info: New signature file: Project_Cobra_Analysis.pdf
20180109T07:12:33Z DESKTOP-280IJO6 LOKI: Info: New signature file: Regin_Hopscotch_Legspin.pdf
20180109T07:12:33Z DESKTOP-280IJO6 LOKI: Info: New signature file: Scarab_Russian.pdf
20180109T07:12:33Z DESKTOP-280IJO6 LOKI: Info: New signature file: Skeleton_Key_Analysis.pdf
20180109T07:12:33Z DESKTOP-280IJO6 LOKI: Info: New signature file: Targeted-Attacks-against-Tibetan-and-Hong-Kong-Groups-Exploiting-CVE-2014-4114.pdf
20180109T07:12:33Z DESKTOP-280IJO6 LOKI: Info: New signature file: Terracotta-VPN-Report-Final-8-3.pdf
20180109T07:12:33Z DESKTOP-280IJO6 LOKI: Info: New signature file: Thamar-Reservoir.pdf
20180109T07:12:33Z DESKTOP-280IJO6 LOKI: Info: New signature file: The Chronicles of the Hellsing APT_ the Empire Strikes Back - Securelist.pdf
20180109T07:12:33Z DESKTOP-280IJO6 LOKI: Info: New signature file: The CozyDuke APT - Securelist.pdf
20180109T07:12:34Z DESKTOP-280IJO6 LOKI: Info: New signature file: The Naikon APT - Securelist.pdf
20180109T07:12:34Z DESKTOP-280IJO6 LOKI: Info: New signature file: The-Desert-Falcons-targeted-attacks.pdf
20180109T07:12:34Z DESKTOP-280IJO6 LOKI: Info: New signature file: TheNaikonAPT-MsnMM1.pdf
20180109T07:12:34Z DESKTOP-280IJO6 LOKI: Info: New signature file: TheNaikonAPT-MsnMM2.pdf
20180109T07:12:34Z DESKTOP-280IJO6 LOKI: Info: New signature file: The_Mystery_of_Duqu_2_0_a_sophisticated_cyberespionage_actor_returns.pdf
20180109T07:12:34Z DESKTOP-280IJO6 LOKI: Info: New signature file: Tibetan-Uprising-Day-Malware-Attacks_websitepdf.pdf
20180109T07:12:34Z DESKTOP-280IJO6 LOKI: Info: New signature file: UnFIN4ished_Business_pwd.pdf
20180109T07:12:34Z DESKTOP-280IJO6 LOKI: Info: New signature file: WateringHole_Aerospace_CVE-2015-5122_IsSpace.pdf
20180109T07:12:34Z DESKTOP-280IJO6 LOKI: Info: New signature file: WildNeutron_Economic_espionage.pdf
20180109T07:12:34Z DESKTOP-280IJO6 LOKI: Info: New signature file: apt29-hammertoss-stealthy-tactics-define-a.pdf
20180109T07:12:35Z DESKTOP-280IJO6 LOKI: Info: New signature file: butterfly-corporate-spies-out-for-financial-gain.pdf
20180109T07:12:35Z DESKTOP-280IJO6 LOKI: Info: New signature file: cto-tib-20150223-01a.pdf
20180109T07:12:36Z DESKTOP-280IJO6 LOKI: Info: New signature file: cto-tib-20150420-01a.pdf
20180109T07:12:36Z DESKTOP-280IJO6 LOKI: Info: New signature file: duqu2_crysys.pdf
20180109T07:12:36Z DESKTOP-280IJO6 LOKI: Info: New signature file: oil-tanker-en.pdf
20180109T07:12:36Z DESKTOP-280IJO6 LOKI: Info: New signature file: operation-arid-viper-whitepaper-en.pdf
20180109T07:12:37Z DESKTOP-280IJO6 LOKI: Info: New signature file: plugx-goes-to-the-registry-and-india.pdf
20180109T07:12:37Z DESKTOP-280IJO6 LOKI: Info: New signature file: rpt-apt30.pdf
20180109T07:12:37Z DESKTOP-280IJO6 LOKI: Info: New signature file: rpt-behind-the-syria-conflict.pdf
20180109T07:12:38Z DESKTOP-280IJO6 LOKI: Info: New signature file: rpt-southeast-asia-threat-landscape.pdf
20180109T07:12:39Z DESKTOP-280IJO6 LOKI: Info: New signature file: the-black-vine-cyberespionage-group.pdf
20180109T07:12:39Z DESKTOP-280IJO6 LOKI: Info: New signature file: unit42-operation-lotus-blossom.pdf
20180109T07:12:39Z DESKTOP-280IJO6 LOKI: Info: New signature file: volatile-cedar-technical-report.pdf
20180109T07:12:39Z DESKTOP-280IJO6 LOKI: Info: New signature file: waterbug-attack-group.pdf
20180109T07:12:40Z DESKTOP-280IJO6 LOKI: Info: New signature file: winnti_pharmaceutical.pdf
20180109T07:12:40Z DESKTOP-280IJO6 LOKI: Info: New signature file: wp-operation-tropic-trooper.pdf
20180109T07:12:40Z DESKTOP-280IJO6 LOKI: Info: New signature file: wp-operation-woolen-goldfish.pdf
20180109T07:12:40Z DESKTOP-280IJO6 LOKI: Info: New signature file: APTnotes_summary.csv
20180109T07:12:40Z DESKTOP-280IJO6 LOKI: Info: New signature file: Cyberwar.pdf
20180109T07:12:40Z DESKTOP-280IJO6 LOKI: Info: New signature file: chinas-electronic.pdf
20180109T07:12:40Z DESKTOP-280IJO6 LOKI: Info: New signature file: Ashmore - Impact of Alleged Russian Cyber Attacks .pdf
20180109T07:12:40Z DESKTOP-280IJO6 LOKI: Info: New signature file: Cyber-030.pdf
20180109T07:12:40Z DESKTOP-280IJO6 LOKI: Info: New signature file: DECLAWING THE DRAGON.pdf
20180109T07:12:40Z DESKTOP-280IJO6 LOKI: Info: New signature file: CyberEspionage.pdf
20180109T07:12:40Z DESKTOP-280IJO6 LOKI: Info: New signature file: enter-the-cyberdragon.pdf
20180109T07:12:40Z DESKTOP-280IJO6 LOKI: Info: New signature file: vol7no2Ball.pdf
20180109T07:48:40Z DESKTOP-280IJO6 LOKI: Info: Updating Signatures ...
20180109T07:48:40Z DESKTOP-280IJO6 LOKI: Info: Downloading https://github.com/Neo23x0/signature-base/archive/master.zip ...
20180109T07:49:01Z DESKTOP-280IJO6 LOKI: Info: Downloading https://github.com/makflwana/IOCs-in-CSV-format/archive/master.zip ...
20180109T07:49:03Z DESKTOP-280IJO6 LOKI: Info: Downloading https://github.com/citizenlab/malware-indicators/archive/master.zip ...
20180109T07:49:05Z DESKTOP-280IJO6 LOKI: Info: Downloading https://github.com/eset/malware-ioc/archive/master.zip ...
20180109T07:49:07Z DESKTOP-280IJO6 LOKI: Info: Downloading https://github.com/fireeye/iocs/archive/master.zip ...
20180109T07:49:09Z DESKTOP-280IJO6 LOKI: Info: Downloading https://github.com/jasonmiacono/IOCs/archive/master.zip ...
20180109T07:49:10Z DESKTOP-280IJO6 LOKI: Info: Downloading https://github.com/pan-unit42/iocs/archive/master.zip ...
20180109T07:49:24Z DESKTOP-280IJO6 LOKI: Info: New signature file: ps_encodedcommand_data.txt
20180109T07:49:26Z DESKTOP-280IJO6 LOKI: Info: Downloading https://github.com/kbandla/APTnotes/archive/master.zip ...
20180109T07:58:10Z DESKTOP-280IJO6 LOKI: Info: Updating Signatures ...
20180109T07:58:10Z DESKTOP-280IJO6 LOKI: Info: Downloading https://github.com/Neo23x0/signature-base/archive/master.zip ...
20180109T07:58:28Z DESKTOP-280IJO6 LOKI: Info: Downloading https://github.com/makflwana/IOCs-in-CSV-format/archive/master.zip ...
20180109T07:58:30Z DESKTOP-280IJO6 LOKI: Info: Downloading https://github.com/citizenlab/malware-indicators/archive/master.zip ...
20180109T07:58:32Z DESKTOP-280IJO6 LOKI: Info: Downloading https://github.com/eset/malware-ioc/archive/master.zip ...
20180109T07:58:34Z DESKTOP-280IJO6 LOKI: Info: Downloading https://github.com/fireeye/iocs/archive/master.zip ...
20180109T07:58:35Z DESKTOP-280IJO6 LOKI: Info: Downloading https://github.com/jasonmiacono/IOCs/archive/master.zip ...
20180109T07:58:37Z DESKTOP-280IJO6 LOKI: Info: Downloading https://github.com/pan-unit42/iocs/archive/master.zip ...
20180109T07:58:55Z DESKTOP-280IJO6 LOKI: Info: New signature file: ps_encodedcommand_data.txt
20180109T07:58:56Z DESKTOP-280IJO6 LOKI: Info: Downloading https://github.com/kbandla/APTnotes/archive/master.zip ...
20180109T08:28:07Z DESKTOP-280IJO6 LOKI: Info: Updating Signatures ...
20180109T08:28:07Z DESKTOP-280IJO6 LOKI: Info: Downloading https://github.com/Neo23x0/signature-base/archive/master.zip ...
20180109T08:28:26Z DESKTOP-280IJO6 LOKI: Info: Downloading https://github.com/makflwana/IOCs-in-CSV-format/archive/master.zip ...
20180109T08:28:28Z DESKTOP-280IJO6 LOKI: Info: Downloading https://github.com/citizenlab/malware-indicators/archive/master.zip ...
20180109T08:28:30Z DESKTOP-280IJO6 LOKI: Info: Downloading https://github.com/eset/malware-ioc/archive/master.zip ...
20180109T08:28:32Z DESKTOP-280IJO6 LOKI: Info: Downloading https://github.com/fireeye/iocs/archive/master.zip ...
20180109T08:28:33Z DESKTOP-280IJO6 LOKI: Info: Downloading https://github.com/jasonmiacono/IOCs/archive/master.zip ...
20180109T08:28:35Z DESKTOP-280IJO6 LOKI: Info: Downloading https://github.com/pan-unit42/iocs/archive/master.zip ...
20180109T08:28:45Z DESKTOP-280IJO6 LOKI: Info: New signature file: ps_encodedcommand_data.txt
20180109T08:28:46Z DESKTOP-280IJO6 LOKI: Info: Downloading https://github.com/kbandla/APTnotes/archive/master.zip ...
20180109T08:42:37Z DESKTOP-280IJO6 LOKI: Info: Updating Signatures ...
20180109T08:42:37Z DESKTOP-280IJO6 LOKI: Info: Downloading https://github.com/Neo23x0/signature-base/archive/master.zip ...
20180109T08:42:55Z DESKTOP-280IJO6 LOKI: Info: Downloading https://github.com/makflwana/IOCs-in-CSV-format/archive/master.zip ...
20180109T08:42:57Z DESKTOP-280IJO6 LOKI: Info: Downloading https://github.com/citizenlab/malware-indicators/archive/master.zip ...
20180109T08:42:59Z DESKTOP-280IJO6 LOKI: Info: Downloading https://github.com/eset/malware-ioc/archive/master.zip ...
20180109T08:43:01Z DESKTOP-280IJO6 LOKI: Info: Downloading https://github.com/fireeye/iocs/archive/master.zip ...
20180109T08:43:03Z DESKTOP-280IJO6 LOKI: Info: Downloading https://github.com/jasonmiacono/IOCs/archive/master.zip ...
20180109T08:43:04Z DESKTOP-280IJO6 LOKI: Info: Downloading https://github.com/pan-unit42/iocs/archive/master.zip ...
20180109T08:43:18Z DESKTOP-280IJO6 LOKI: Info: New signature file: ps_encodedcommand_data.txt
20180109T08:43:19Z DESKTOP-280IJO6 LOKI: Info: Downloading https://github.com/kbandla/APTnotes/archive/master.zip ...
20180109T08:49:44Z DESKTOP-280IJO6 LOKI: Info: Updating Signatures ...
20180109T08:49:44Z DESKTOP-280IJO6 LOKI: Info: Downloading https://github.com/Neo23x0/signature-base/archive/master.zip ...
20180109T08:50:08Z DESKTOP-280IJO6 LOKI: Info: Downloading https://github.com/makflwana/IOCs-in-CSV-format/archive/master.zip ...
20180109T08:50:10Z DESKTOP-280IJO6 LOKI: Info: Downloading https://github.com/citizenlab/malware-indicators/archive/master.zip ...
20180109T08:50:12Z DESKTOP-280IJO6 LOKI: Info: Downloading https://github.com/eset/malware-ioc/archive/master.zip ...
20180109T08:50:14Z DESKTOP-280IJO6 LOKI: Info: Downloading https://github.com/fireeye/iocs/archive/master.zip ...
20180109T08:50:16Z DESKTOP-280IJO6 LOKI: Info: Downloading https://github.com/jasonmiacono/IOCs/archive/master.zip ...
20180109T08:50:17Z DESKTOP-280IJO6 LOKI: Info: Downloading https://github.com/pan-unit42/iocs/archive/master.zip ...
20180109T08:50:34Z DESKTOP-280IJO6 LOKI: Info: New signature file: ps_encodedcommand_data.txt
20180109T08:50:36Z DESKTOP-280IJO6 LOKI: Info: Downloading https://github.com/kbandla/APTnotes/archive/master.zip ...
20180109T09:47:08Z DESKTOP-280IJO6 LOKI: Info: Updating Signatures ...
20180109T09:47:08Z DESKTOP-280IJO6 LOKI: Info: Downloading https://github.com/Neo23x0/signature-base/archive/master.zip ...
20180109T09:47:34Z DESKTOP-280IJO6 LOKI: Info: Downloading https://github.com/makflwana/IOCs-in-CSV-format/archive/master.zip ...
20180109T09:47:36Z DESKTOP-280IJO6 LOKI: Info: Downloading https://github.com/citizenlab/malware-indicators/archive/master.zip ...
20180109T09:47:38Z DESKTOP-280IJO6 LOKI: Info: Downloading https://github.com/eset/malware-ioc/archive/master.zip ...
20180109T09:47:40Z DESKTOP-280IJO6 LOKI: Info: Downloading https://github.com/fireeye/iocs/archive/master.zip ...
20180109T09:47:42Z DESKTOP-280IJO6 LOKI: Info: Downloading https://github.com/jasonmiacono/IOCs/archive/master.zip ...
20180109T09:47:43Z DESKTOP-280IJO6 LOKI: Info: Downloading https://github.com/pan-unit42/iocs/archive/master.zip ...
20180109T09:47:55Z DESKTOP-280IJO6 LOKI: Info: New signature file: ps_encodedcommand_data.txt
20180109T09:47:56Z DESKTOP-280IJO6 LOKI: Info: Downloading https://github.com/kbandla/APTnotes/archive/master.zip ...
20180109T09:53:03Z DESKTOP-280IJO6 LOKI: Info: Updating Signatures ...
20180109T09:53:03Z DESKTOP-280IJO6 LOKI: Info: Downloading https://github.com/Neo23x0/signature-base/archive/master.zip ...
20180109T09:53:21Z DESKTOP-280IJO6 LOKI: Info: Downloading https://github.com/makflwana/IOCs-in-CSV-format/archive/master.zip ...
20180109T09:53:23Z DESKTOP-280IJO6 LOKI: Info: Downloading https://github.com/citizenlab/malware-indicators/archive/master.zip ...
20180109T09:53:25Z DESKTOP-280IJO6 LOKI: Info: Downloading https://github.com/eset/malware-ioc/archive/master.zip ...
20180109T09:53:27Z DESKTOP-280IJO6 LOKI: Info: Downloading https://github.com/fireeye/iocs/archive/master.zip ...
20180109T09:53:28Z DESKTOP-280IJO6 LOKI: Info: Downloading https://github.com/jasonmiacono/IOCs/archive/master.zip ...
20180109T09:53:30Z DESKTOP-280IJO6 LOKI: Info: Downloading https://github.com/pan-unit42/iocs/archive/master.zip ...
20180109T09:53:41Z DESKTOP-280IJO6 LOKI: Info: New signature file: ps_encodedcommand_data.txt
20180109T09:53:42Z DESKTOP-280IJO6 LOKI: Info: Downloading https://github.com/kbandla/APTnotes/archive/master.zip ...
20180109T10:10:28Z DESKTOP-280IJO6 LOKI: Info: Updating Signatures ...
20180109T10:10:28Z DESKTOP-280IJO6 LOKI: Info: Downloading https://github.com/Neo23x0/signature-base/archive/master.zip ...
20180109T10:10:48Z DESKTOP-280IJO6 LOKI: Info: Downloading https://github.com/makflwana/IOCs-in-CSV-format/archive/master.zip ...
20180109T10:10:50Z DESKTOP-280IJO6 LOKI: Info: Downloading https://github.com/citizenlab/malware-indicators/archive/master.zip ...
20180109T10:10:52Z DESKTOP-280IJO6 LOKI: Info: Downloading https://github.com/eset/malware-ioc/archive/master.zip ...
20180109T10:10:54Z DESKTOP-280IJO6 LOKI: Info: Downloading https://github.com/fireeye/iocs/archive/master.zip ...
20180109T10:10:56Z DESKTOP-280IJO6 LOKI: Info: Downloading https://github.com/jasonmiacono/IOCs/archive/master.zip ...
20180109T10:10:57Z DESKTOP-280IJO6 LOKI: Info: Downloading https://github.com/pan-unit42/iocs/archive/master.zip ...
20180109T10:11:12Z DESKTOP-280IJO6 LOKI: Info: New signature file: ps_encodedcommand_data.txt
20180109T10:11:13Z DESKTOP-280IJO6 LOKI: Info: Downloading https://github.com/kbandla/APTnotes/archive/master.zip ...
20180109T10:16:35Z DESKTOP-280IJO6 LOKI: Info: Update complete
20180109T10:31:44Z DESKTOP-280IJO6 LOKI: Info: Updating Signatures ...
20180109T10:31:44Z DESKTOP-280IJO6 LOKI: Info: Downloading https://github.com/Neo23x0/signature-base/archive/master.zip ...
20180109T10:32:03Z DESKTOP-280IJO6 LOKI: Info: Downloading https://github.com/makflwana/IOCs-in-CSV-format/archive/master.zip ...
20180109T10:32:05Z DESKTOP-280IJO6 LOKI: Info: Downloading https://github.com/citizenlab/malware-indicators/archive/master.zip ...
20180109T10:32:08Z DESKTOP-280IJO6 LOKI: Info: Downloading https://github.com/eset/malware-ioc/archive/master.zip ...
20180109T10:32:10Z DESKTOP-280IJO6 LOKI: Info: Downloading https://github.com/fireeye/iocs/archive/master.zip ...
20180109T10:32:11Z DESKTOP-280IJO6 LOKI: Info: Downloading https://github.com/jasonmiacono/IOCs/archive/master.zip ...
20180109T10:32:13Z DESKTOP-280IJO6 LOKI: Info: Downloading https://github.com/pan-unit42/iocs/archive/master.zip ...
20180109T10:32:22Z DESKTOP-280IJO6 LOKI: Info: New signature file: ps_encodedcommand_data.txt
20180109T10:32:24Z DESKTOP-280IJO6 LOKI: Info: Downloading https://github.com/kbandla/APTnotes/archive/master.zip ...
20180109T10:35:48Z DESKTOP-280IJO6 LOKI: Info: Update complete
20180109T10:44:58Z DESKTOP-280IJO6 LOKI: Info: Updating Signatures ...
20180109T10:44:58Z DESKTOP-280IJO6 LOKI: Info: Downloading https://github.com/Neo23x0/signature-base/archive/master.zip ...
20180109T10:45:19Z DESKTOP-280IJO6 LOKI: Info: Downloading https://github.com/makflwana/IOCs-in-CSV-format/archive/master.zip ...
20180109T10:45:21Z DESKTOP-280IJO6 LOKI: Info: Downloading https://github.com/citizenlab/malware-indicators/archive/master.zip ...
20180109T10:45:23Z DESKTOP-280IJO6 LOKI: Info: Downloading https://github.com/eset/malware-ioc/archive/master.zip ...
20180109T10:45:24Z DESKTOP-280IJO6 LOKI: Info: Downloading https://github.com/fireeye/iocs/archive/master.zip ...
20180109T10:45:26Z DESKTOP-280IJO6 LOKI: Info: Downloading https://github.com/jasonmiacono/IOCs/archive/master.zip ...
20180109T10:45:27Z DESKTOP-280IJO6 LOKI: Info: Downloading https://github.com/pan-unit42/iocs/archive/master.zip ...
20180109T10:45:37Z DESKTOP-280IJO6 LOKI: Info: New signature file: ps_encodedcommand_data.txt
20180109T10:45:38Z DESKTOP-280IJO6 LOKI: Info: Downloading https://github.com/kbandla/APTnotes/archive/master.zip ...
20180109T10:50:01Z DESKTOP-280IJO6 LOKI: Info: Update complete
20180109T10:57:08Z DESKTOP-280IJO6 LOKI: Info: Updating Signatures ...
20180109T10:57:08Z DESKTOP-280IJO6 LOKI: Info: Downloading https://github.com/Neo23x0/signature-base/archive/master.zip ...
20180109T10:57:28Z DESKTOP-280IJO6 LOKI: Info: Downloading https://github.com/makflwana/IOCs-in-CSV-format/archive/master.zip ...
20180109T10:57:30Z DESKTOP-280IJO6 LOKI: Info: Downloading https://github.com/citizenlab/malware-indicators/archive/master.zip ...
20180109T10:57:32Z DESKTOP-280IJO6 LOKI: Info: Downloading https://github.com/eset/malware-ioc/archive/master.zip ...
20180109T10:57:34Z DESKTOP-280IJO6 LOKI: Info: Downloading https://github.com/fireeye/iocs/archive/master.zip ...
20180109T10:57:35Z DESKTOP-280IJO6 LOKI: Info: Downloading https://github.com/jasonmiacono/IOCs/archive/master.zip ...
20180109T10:57:37Z DESKTOP-280IJO6 LOKI: Info: Downloading https://github.com/pan-unit42/iocs/archive/master.zip ...
20180109T10:57:50Z DESKTOP-280IJO6 LOKI: Info: New signature file: ps_encodedcommand_data.txt
20180109T10:57:51Z DESKTOP-280IJO6 LOKI: Info: Downloading https://github.com/kbandla/APTnotes/archive/master.zip ...
20180109T11:00:48Z DESKTOP-280IJO6 LOKI: Info: Update complete
20180109T11:07:10Z DESKTOP-280IJO6 LOKI: Info: Updating Signatures ...
20180109T11:07:10Z DESKTOP-280IJO6 LOKI: Info: Downloading https://github.com/Neo23x0/signature-base/archive/master.zip ...
20180109T11:07:30Z DESKTOP-280IJO6 LOKI: Info: Downloading https://github.com/makflwana/IOCs-in-CSV-format/archive/master.zip ...
20180109T11:07:32Z DESKTOP-280IJO6 LOKI: Info: Downloading https://github.com/citizenlab/malware-indicators/archive/master.zip ...
20180109T11:07:34Z DESKTOP-280IJO6 LOKI: Info: Downloading https://github.com/eset/malware-ioc/archive/master.zip ...
20180109T11:07:36Z DESKTOP-280IJO6 LOKI: Info: Downloading https://github.com/fireeye/iocs/archive/master.zip ...
20180109T11:07:38Z DESKTOP-280IJO6 LOKI: Info: Downloading https://github.com/jasonmiacono/IOCs/archive/master.zip ...
20180109T11:07:39Z DESKTOP-280IJO6 LOKI: Info: Downloading https://github.com/pan-unit42/iocs/archive/master.zip ...
20180109T11:07:50Z DESKTOP-280IJO6 LOKI: Info: New signature file: ps_encodedcommand_data.txt
20180109T11:07:51Z DESKTOP-280IJO6 LOKI: Info: Downloading https://github.com/kbandla/APTnotes/archive/master.zip ...
20180109T11:14:38Z DESKTOP-280IJO6 LOKI: Info: Update complete
20180109T11:17:46Z DESKTOP-280IJO6 LOKI: Info: Updating Signatures ...
20180109T11:17:46Z DESKTOP-280IJO6 LOKI: Info: Update complete
20180109T11:18:36Z DESKTOP-280IJO6 LOKI: Info: Updating Signatures ...
20180109T11:18:36Z DESKTOP-280IJO6 LOKI: Info: Update complete
20180109T11:21:11Z DESKTOP-280IJO6 LOKI: Info: Updating Signatures ...
20180109T11:21:11Z DESKTOP-280IJO6 LOKI: Info: Update complete
20180109T11:22:40Z DESKTOP-280IJO6 LOKI: Info: Updating Signatures ...
20180109T11:22:40Z DESKTOP-280IJO6 LOKI: Info: Update complete
20180109T11:26:20Z DESKTOP-280IJO6 LOKI: Info: Updating Signatures ...
20180109T11:26:46Z DESKTOP-280IJO6 LOKI: Info: Update complete
20180109T11:32:32Z DESKTOP-280IJO6 LOKI: Info: Updating Signatures ...
20180109T11:35:39Z DESKTOP-280IJO6 LOKI: Info: Updating Signatures ...
20180109T12:12:48Z DESKTOP-280IJO6 LOKI: Info: Updating Signatures ...
20180109T12:13:13Z DESKTOP-280IJO6 LOKI: Info: Updating Signatures ...
20180109T12:14:01Z DESKTOP-280IJO6 LOKI: Info: Update complete
20180109T12:24:11Z DESKTOP-280IJO6 LOKI: Info: Updating Signatures ...
20180109T12:24:37Z DESKTOP-280IJO6 LOKI: Info: Updating Signatures ...
20180109T12:25:26Z DESKTOP-280IJO6 LOKI: Info: Update complete
20180109T12:29:15Z DESKTOP-280IJO6 LOKI: Info: Updating Signatures ...
20180109T12:29:32Z DESKTOP-280IJO6 LOKI: Info: Updating Signatures ...
20180109T12:30:34Z DESKTOP-280IJO6 LOKI: Info: Updating Signatures ...
20180109T12:33:40Z DESKTOP-280IJO6 LOKI: Info: Updating Signatures ...
20180109T12:34:26Z DESKTOP-280IJO6 LOKI: Info: Updating Signatures ...
20180109T12:35:08Z DESKTOP-280IJO6 LOKI: Info: Updating Signatures ...
20180109T12:44:31Z DESKTOP-280IJO6 LOKI: Info: Updating Signatures ...
20180109T12:49:43Z DESKTOP-280IJO6 LOKI: Info: Updating Signatures ...
20180109T12:50:40Z DESKTOP-280IJO6 LOKI: Info: Updating Signatures ...
20180109T12:54:04Z DESKTOP-280IJO6 LOKI: Info: Updating Signatures ...
20180110T06:01:42Z DESKTOP-280IJO6 LOKI: Info: Updating Signatures ...
20180110T06:02:37Z DESKTOP-280IJO6 LOKI: Info: Updating Signatures ...
20180110T06:03:48Z DESKTOP-280IJO6 LOKI: Info: Updating Signatures ...
20180110T06:03:48Z DESKTOP-280IJO6 LOKI: Info: Update complete
20180110T06:06:23Z DESKTOP-280IJO6 LOKI: Info: Updating Signatures ...
20180110T06:06:24Z DESKTOP-280IJO6 LOKI: Info: Update complete
20180110T06:07:50Z DESKTOP-280IJO6 LOKI: Info: Updating Signatures ...
20180110T06:09:03Z DESKTOP-280IJO6 LOKI: Info: Updating Signatures ...
20180110T06:09:26Z DESKTOP-280IJO6 LOKI: Info: Updating Signatures ...
20180110T06:11:21Z DESKTOP-280IJO6 LOKI: Info: Updating Signatures ...
20180110T06:14:07Z DESKTOP-280IJO6 LOKI: Info: Updating Signatures ...
20180110T06:15:59Z DESKTOP-280IJO6 LOKI: Info: Updating Signatures ...
20180110T06:16:14Z DESKTOP-280IJO6 LOKI: Info: Updating Signatures ...
20180110T06:18:17Z DESKTOP-280IJO6 LOKI: Info: Updating Signatures ...
20180110T06:18:18Z DESKTOP-280IJO6 LOKI: Info: Update complete
20180110T06:23:54Z DESKTOP-280IJO6 LOKI: Info: Updating Signatures ...
20180110T06:23:54Z DESKTOP-280IJO6 LOKI: Info: Update complete
20180110T06:32:40Z DESKTOP-280IJO6 LOKI: Info: Updating Signatures ...
20180110T06:32:40Z DESKTOP-280IJO6 LOKI: Info: Update complete
20180110T06:36:03Z DESKTOP-280IJO6 LOKI: Info: Updating Signatures ...
20180110T06:36:03Z DESKTOP-280IJO6 LOKI: Info: Update complete
20180110T06:38:15Z DESKTOP-280IJO6 LOKI: Info: Updating Signatures ...
20180110T06:38:15Z DESKTOP-280IJO6 LOKI: Info: Update complete
20180110T06:40:36Z DESKTOP-280IJO6 LOKI: Info: Updating Signatures ...
20180110T06:40:36Z DESKTOP-280IJO6 LOKI: Info: Update complete
20180110T06:40:55Z DESKTOP-280IJO6 LOKI: Info: Updating Signatures ...
20180110T06:40:55Z DESKTOP-280IJO6 LOKI: Info: Update complete
20180110T06:42:27Z DESKTOP-280IJO6 LOKI: Info: Updating Signatures ...
20180110T06:42:27Z DESKTOP-280IJO6 LOKI: Info: Update complete
20180110T06:44:31Z DESKTOP-280IJO6 LOKI: Info: Updating Signatures ...
20180110T06:44:31Z DESKTOP-280IJO6 LOKI: Info: Update complete
20180110T06:45:17Z DESKTOP-280IJO6 LOKI: Info: Updating Signatures ...
20180110T06:45:17Z DESKTOP-280IJO6 LOKI: Info: Update complete
20180110T06:46:17Z DESKTOP-280IJO6 LOKI: Info: Updating Signatures ...
20180110T06:46:18Z DESKTOP-280IJO6 LOKI: Info: Update complete
20180110T06:46:52Z DESKTOP-280IJO6 LOKI: Info: Updating Signatures ...
20180110T06:46:53Z DESKTOP-280IJO6 LOKI: Info: Update complete
20180110T06:48:04Z DESKTOP-280IJO6 LOKI: Info: Updating Signatures ...
20180110T06:48:04Z DESKTOP-280IJO6 LOKI: Info: Update complete
20180110T06:51:10Z DESKTOP-280IJO6 LOKI: Info: Updating Signatures ...
20180110T06:51:10Z DESKTOP-280IJO6 LOKI: Info: Update complete
20180110T06:52:12Z DESKTOP-280IJO6 LOKI: Info: Updating Signatures ...
20180110T06:52:13Z DESKTOP-280IJO6 LOKI: Info: Update complete
20180110T06:53:57Z DESKTOP-280IJO6 LOKI: Info: Updating Signatures ...
20180110T06:55:04Z DESKTOP-280IJO6 LOKI: Info: Update complete
20180110T08:07:59Z DESKTOP-280IJO6 LOKI: Info: Updating Signatures ...
20180110T08:08:56Z DESKTOP-280IJO6 LOKI: Info: Update complete
20180110T08:12:33Z DESKTOP-280IJO6 LOKI: Info: Updating Signatures ...
20180110T08:13:31Z DESKTOP-280IJO6 LOKI: Info: Update complete
20180110T08:14:57Z DESKTOP-280IJO6 LOKI: Info: Updating Signatures ...
20180110T08:15:56Z DESKTOP-280IJO6 LOKI: Info: Update complete
20180110T08:35:04Z DESKTOP-280IJO6 LOKI: Info: Updating Signatures ...
20180110T08:36:02Z DESKTOP-280IJO6 LOKI: Info: Update complete
20180110T08:44:17Z DESKTOP-280IJO6 LOKI: Info: Updating Signatures ...
20180110T08:45:16Z DESKTOP-280IJO6 LOKI: Info: Update complete
20180110T08:50:03Z DESKTOP-280IJO6 LOKI: Info: Updating Signatures ...
20180110T08:51:03Z DESKTOP-280IJO6 LOKI: Info: Update complete
20180110T08:57:25Z DESKTOP-280IJO6 LOKI: Info: Updating Signatures ...
20180110T09:02:08Z DESKTOP-280IJO6 LOKI: Info: Update complete
20180110T09:17:00Z DESKTOP-280IJO6 LOKI: Info: Updating Signatures ...
20180110T09:35:09Z DESKTOP-280IJO6 LOKI: Info: Update complete
20180110T09:51:08Z DESKTOP-280IJO6 LOKI: Info: Updating Signatures ...
20180110T09:53:15Z DESKTOP-280IJO6 LOKI: Info: Update complete
20180110T10:00:55Z DESKTOP-280IJO6 LOKI: Info: Updating Signatures ...
20180110T10:03:31Z DESKTOP-280IJO6 LOKI: Info: Update complete
20180110T10:04:08Z DESKTOP-280IJO6 LOKI: Info: Updating Signatures ...
20180110T10:07:37Z DESKTOP-280IJO6 LOKI: Info: Update complete
20180110T10:09:30Z DESKTOP-280IJO6 LOKI: Info: Updating Signatures ...
20180110T10:41:49Z DESKTOP-280IJO6 LOKI: Info: Update complete
